This file contains any messages produced by compilers while
running configure, to aid debugging if configure makes a mistake.

It was created by HarfBuzz configure 8.5.0, which was
generated by GNU Autoconf 2.71.  Invocation command line was

  $ ./configure --prefix=/media/apalmate/DATA/Sviluppo/Amiga/libs/harfbuzz-shared/SDK/common --host=ppc-amigaos --disable-shared --with-glib=no --with-icu=no --with-cairo=yes --with-freetype=yes CPPFLAGS=-DHB_EXPERIMENTAL_API=1 'LDFLAGS=-use-dynld -athread=native' LIBS=-lcairo host_alias=ppc-amigaos PKG_CONFIG_PATH=/usr/ppc-amigaos/SDK/local/newlib/lib/pkgconfig --no-create --no-recursion

## --------- ##
## Platform. ##
## --------- ##

hostname = apalmate-XPS-8960
uname -m = x86_64
uname -r = 6.8.0-31-generic
uname -s = Linux
uname -v = #31-Ubuntu SMP PREEMPT_DYNAMIC Sat Apr 20 00:40:06 UTC 2024

/usr/bin/uname -p = x86_64
/bin/uname -X     = unknown

/bin/arch              = x86_64
/usr/bin/arch -k       = unknown
/usr/convex/getsysinfo = unknown
/usr/bin/hostinfo      = unknown
/bin/machine           = unknown
/usr/bin/oslevel       = unknown
/bin/universe          = unknown

PATH: /usr/local/sbin/
PATH: /usr/local/bin/
PATH: /usr/sbin/
PATH: /usr/bin/
PATH: /sbin/
PATH: /bin/
PATH: /usr/games/
PATH: /usr/local/games/
PATH: /snap/bin/
PATH: /snap/bin/


## ----------- ##
## Core tests. ##
## ----------- ##

configure:3265: looking for aux files: config.guess config.sub ltmain.sh compile ar-lib missing install-sh
configure:3278:  trying ./
configure:3307:   ./config.guess found
configure:3307:   ./config.sub found
configure:3307:   ./ltmain.sh found
configure:3307:   ./compile found
configure:3307:   ./ar-lib found
configure:3307:   ./missing found
configure:3289:   ./install-sh found
configure:3442: checking for a BSD-compatible install
configure:3515: result: /usr/bin/install -c
configure:3526: checking whether build environment is sane
configure:3581: result: yes
configure:3637: checking for ppc-amigaos-strip
configure:3658: found /usr/bin/ppc-amigaos-strip
configure:3669: result: ppc-amigaos-strip
configure:3740: checking for a race-free mkdir -p
configure:3784: result: /usr/bin/mkdir -p
configure:3791: checking for gawk
configure:3826: result: no
configure:3791: checking for mawk
configure:3812: found /usr/bin/mawk
configure:3823: result: mawk
configure:3834: checking whether make sets $(MAKE)
configure:3857: result: yes
configure:3887: checking whether make supports nested variables
configure:3905: result: yes
configure:3985: checking whether UID '1000' is supported by ustar format
configure:3988: result: yes
configure:3995: checking whether GID '1000' is supported by ustar format
configure:3998: result: yes
configure:4006: checking how to create a ustar tar archive
configure:4017: tar --version
tar (GNU tar) 1.35
Copyright (C) 2023 Free Software Foundation, Inc.
License GPLv3+: GNU GPL version 3 or later <https://gnu.org/licenses/gpl.html>.
This is free software: you are free to change and redistribute it.
There is NO WARRANTY, to the extent permitted by law.

Written by John Gilmore and Jay Fenlason.
configure:4020: $? = 0
configure:4060: tardir=conftest.dir && eval tar --format=ustar -chf - "$tardir" >conftest.tar
configure:4063: $? = 0
configure:4067: tar -xf - <conftest.tar
configure:4070: $? = 0
configure:4072: cat conftest.dir/file
GrepMe
configure:4075: $? = 0
configure:4089: result: gnutar
configure:4165: checking whether make supports nested variables
configure:4183: result: yes
configure:4194: checking for a sed that does not truncate output
configure:4264: result: /usr/bin/sed
configure:4283: checking whether to build with code coverage support
configure:4304: result: no
configure:4681: checking whether make supports the include directive
configure:4696: make -f confmf.GNU && cat confinc.out
make[2]: Entering directory '/media/apalmate/DATA/Sviluppo/Amiga/libs/harfbuzz-shared'
make[2]: Leaving directory '/media/apalmate/DATA/Sviluppo/Amiga/libs/harfbuzz-shared'
this is the am__doit target
configure:4699: $? = 0
configure:4718: result: yes (GNU style)
configure:4749: checking for ppc-amigaos-gcc
configure:4770: found /usr/bin/ppc-amigaos-gcc
configure:4781: result: ppc-amigaos-gcc
configure:5179: checking for C compiler version
configure:5188: ppc-amigaos-gcc --version >&5
ppc-amigaos-gcc (adtools build 11.3.0) 11.3.0
Copyright (C) 2021 Free Software Foundation, Inc.
This is free software; see the source for copying conditions.  There is NO
warranty; not even for MERCHANTABILITY or FITNESS FOR A PARTICULAR PURPOSE.

configure:5199: $? = 0
configure:5188: ppc-amigaos-gcc -v >&5
Using built-in specs.
COLLECT_GCC=ppc-amigaos-gcc
COLLECT_LTO_WRAPPER=/usr/libexec/gcc/ppc-amigaos/11.3.0/lto-wrapper
Target: ppc-amigaos
Configured with: /home/apalmate/Software/adtools/gcc/repo/configure --with-bugurl=https://github.com/sba1/adtools/issues --with-pkgversion='adtools build 11.3.0' --target=ppc-amigaos --prefix=/usr --enable-languages=c,c++ --enable-haifa --enable-sjlj-exceptions --disable-libstdcxx-pch --disable-tls --enable-threads=amigaos --enable-lto --disable-c++tools
Thread model: amigaos
Supported LTO compression algorithms: zlib
gcc version 11.3.0 (adtools build 11.3.0) 
configure:5199: $? = 0
configure:5188: ppc-amigaos-gcc -V >&5
ppc-amigaos-gcc: error: unrecognized command-line option '-V'
ppc-amigaos-gcc: fatal error: no input files
compilation terminated.
configure:5199: $? = 1
configure:5188: ppc-amigaos-gcc -qversion >&5
ppc-amigaos-gcc: error: unrecognized command-line option '-qversion'; did you mean '--version'?
ppc-amigaos-gcc: fatal error: no input files
compilation terminated.
configure:5199: $? = 1
configure:5188: ppc-amigaos-gcc -version >&5
ppc-amigaos-gcc: error: unrecognized command-line option '-version'
ppc-amigaos-gcc: fatal error: no input files
compilation terminated.
configure:5199: $? = 1
configure:5219: checking whether the C compiler works
configure:5241: ppc-amigaos-gcc  -DHB_EXPERIMENTAL_API=1 -use-dynld -athread=native conftest.c -lcairo >&5
configure:5245: $? = 0
configure:5295: result: yes
configure:5298: checking for C compiler default output file name
configure:5300: result: a.out
configure:5306: checking for suffix of executables
configure:5313: ppc-amigaos-gcc -o conftest  -DHB_EXPERIMENTAL_API=1 -use-dynld -athread=native conftest.c -lcairo >&5
configure:5317: $? = 0
configure:5340: result: 
configure:5362: checking whether we are cross compiling
configure:5370: ppc-amigaos-gcc -o conftest  -DHB_EXPERIMENTAL_API=1 -use-dynld -athread=native conftest.c -lcairo >&5
configure:5374: $? = 0
configure:5381: ./conftest
./configure: line 5383: ./conftest: cannot execute binary file: Exec format error
configure:5385: $? = 126
configure:5400: result: yes
configure:5405: checking for suffix of object files
configure:5428: ppc-amigaos-gcc -c  -DHB_EXPERIMENTAL_API=1 conftest.c >&5
configure:5432: $? = 0
configure:5454: result: o
configure:5458: checking whether the compiler supports GNU C
configure:5478: ppc-amigaos-gcc -c  -DHB_EXPERIMENTAL_API=1 conftest.c >&5
configure:5478: $? = 0
configure:5488: result: yes
configure:5499: checking whether ppc-amigaos-gcc accepts -g
configure:5520: ppc-amigaos-gcc -c -g -DHB_EXPERIMENTAL_API=1 conftest.c >&5
configure:5520: $? = 0
configure:5564: result: yes
configure:5584: checking for ppc-amigaos-gcc option to enable C11 features
configure:5599: ppc-amigaos-gcc  -c -g -O2 -DHB_EXPERIMENTAL_API=1 conftest.c >&5
configure:5599: $? = 0
configure:5617: result: none needed
configure:5733: checking whether ppc-amigaos-gcc understands -c and -o together
configure:5756: ppc-amigaos-gcc -c conftest.c -o conftest2.o
configure:5759: $? = 0
configure:5756: ppc-amigaos-gcc -c conftest.c -o conftest2.o
configure:5759: $? = 0
configure:5771: result: yes
configure:5790: checking dependency style of ppc-amigaos-gcc
configure:5902: result: gcc3
configure:5924: checking for ppc-amigaos-ar
configure:5945: found /usr/bin/ppc-amigaos-ar
configure:5956: result: ppc-amigaos-ar
configure:6031: checking the archiver (ppc-amigaos-ar) interface
configure:6048: ppc-amigaos-gcc -c -g -O2 -DHB_EXPERIMENTAL_API=1 conftest.c >&5
configure:6048: $? = 0
configure:6051: ppc-amigaos-ar cru libconftest.a conftest.o >&5
configure:6054: $? = 0
configure:6082: result: ar
configure:6135: checking build system type
configure:6150: result: x86_64-pc-linux-gnu
configure:6170: checking host system type
configure:6184: result: powerpc-unknown-amigaos
configure:6225: checking how to print strings
configure:6252: result: printf
configure:6273: checking for a sed that does not truncate output
configure:6343: result: /usr/bin/sed
configure:6361: checking for grep that handles long lines and -e
configure:6425: result: /usr/bin/grep
configure:6430: checking for egrep
configure:6498: result: /usr/bin/grep -E
configure:6503: checking for fgrep
configure:6571: result: /usr/bin/grep -F
configure:6607: checking for ld used by ppc-amigaos-gcc
configure:6675: result: /usr/ppc-amigaos/bin/ld
configure:6682: checking if the linker (/usr/ppc-amigaos/bin/ld) is GNU ld
configure:6698: result: yes
configure:6710: checking for BSD- or MS-compatible name lister (nm)
configure:6765: result: /usr/bin/ppc-amigaos-nm -B
configure:6905: checking the name lister (/usr/bin/ppc-amigaos-nm -B) interface
configure:6913: ppc-amigaos-gcc -c -g -O2 -DHB_EXPERIMENTAL_API=1 conftest.c >&5
configure:6916: /usr/bin/ppc-amigaos-nm -B "conftest.o"
configure:6919: output
00000000 S some_variable
configure:6926: result: BSD nm
configure:6929: checking whether ln -s works
configure:6933: result: yes
configure:6941: checking the maximum length of command line arguments
configure:7073: result: 1572864
configure:7121: checking how to convert x86_64-pc-linux-gnu file names to powerpc-unknown-amigaos format
configure:7162: result: func_convert_file_noop
configure:7169: checking how to convert x86_64-pc-linux-gnu file names to toolchain format
configure:7190: result: func_convert_file_noop
configure:7197: checking for /usr/ppc-amigaos/bin/ld option to reload object files
configure:7205: result: -r
configure:7239: checking for ppc-amigaos-file
configure:7274: result: no
configure:7284: checking for file
configure:7305: found /usr/bin/file
configure:7316: result: file
configure:7328: WARNING: using cross tools not prefixed with host triplet
configure:7347: checking for ppc-amigaos-objdump
configure:7368: found /usr/bin/ppc-amigaos-objdump
configure:7379: result: ppc-amigaos-objdump
configure:7456: checking how to recognize dependent libraries
configure:7657: result: unknown
configure:7702: checking for ppc-amigaos-dlltool
configure:7737: result: no
configure:7747: checking for dlltool
configure:7782: result: no
configure:7812: checking how to associate runtime and link libraries
configure:7840: result: printf %s\n
configure:7856: checking for ppc-amigaos-ar
configure:7888: result: ppc-amigaos-ar
configure:7990: checking for archiver @FILE support
configure:8008: ppc-amigaos-gcc -c -g -O2 -DHB_EXPERIMENTAL_API=1 conftest.c >&5
configure:8008: $? = 0
configure:8012: ppc-amigaos-ar cr libconftest.a @conftest.lst >&5
configure:8015: $? = 0
configure:8020: ppc-amigaos-ar cr libconftest.a @conftest.lst >&5
ppc-amigaos-ar: conftest.o: No such file or directory
configure:8023: $? = 1
configure:8035: result: @
configure:8053: checking for ppc-amigaos-strip
configure:8085: result: ppc-amigaos-strip
configure:8162: checking for ppc-amigaos-ranlib
configure:8183: found /usr/bin/ppc-amigaos-ranlib
configure:8194: result: ppc-amigaos-ranlib
configure:8341: checking command to parse /usr/bin/ppc-amigaos-nm -B output from ppc-amigaos-gcc object
configure:8495: ppc-amigaos-gcc -c -g -O2 -DHB_EXPERIMENTAL_API=1 conftest.c >&5
configure:8498: $? = 0
configure:8502: /usr/bin/ppc-amigaos-nm -B conftest.o | /usr/bin/sed -n -e 's/^.*[	 ]\([ABCDGIRSTW][ABCDGIRSTW]*\)[	 ][	 ]*\([_A-Za-z][_A-Za-z0-9]*\)$/\1 \2 \2/p' | /usr/bin/sed '/ __gnu_lto/d' > conftest.nm
configure:8568: ppc-amigaos-gcc -o conftest -g -O2 -DHB_EXPERIMENTAL_API=1 -use-dynld -athread=native conftest.c conftstm.o >&5
configure:8571: $? = 0
configure:8609: result: ok
configure:8656: checking for sysroot
configure:8687: result: no
configure:8694: checking for a working dd
configure:8738: result: /usr/bin/dd
configure:8742: checking how to truncate binary pipes
configure:8758: result: /usr/bin/dd bs=4096 count=1
configure:9050: checking for ppc-amigaos-mt
configure:9085: result: no
configure:9095: checking for mt
configure:9116: found /usr/bin/mt
configure:9127: result: mt
configure:9150: checking if mt is a manifest tool
configure:9157: mt '-?'
configure:9165: result: no
configure:9890: checking for stdio.h
configure:9890: ppc-amigaos-gcc -c -g -O2 -DHB_EXPERIMENTAL_API=1 conftest.c >&5
configure:9890: $? = 0
configure:9890: result: yes
configure:9890: checking for stdlib.h
configure:9890: ppc-amigaos-gcc -c -g -O2 -DHB_EXPERIMENTAL_API=1 conftest.c >&5
configure:9890: $? = 0
configure:9890: result: yes
configure:9890: checking for string.h
configure:9890: ppc-amigaos-gcc -c -g -O2 -DHB_EXPERIMENTAL_API=1 conftest.c >&5
configure:9890: $? = 0
configure:9890: result: yes
configure:9890: checking for inttypes.h
configure:9890: ppc-amigaos-gcc -c -g -O2 -DHB_EXPERIMENTAL_API=1 conftest.c >&5
configure:9890: $? = 0
configure:9890: result: yes
configure:9890: checking for stdint.h
configure:9890: ppc-amigaos-gcc -c -g -O2 -DHB_EXPERIMENTAL_API=1 conftest.c >&5
configure:9890: $? = 0
configure:9890: result: yes
configure:9890: checking for strings.h
configure:9890: ppc-amigaos-gcc -c -g -O2 -DHB_EXPERIMENTAL_API=1 conftest.c >&5
configure:9890: $? = 0
configure:9890: result: yes
configure:9890: checking for sys/stat.h
configure:9890: ppc-amigaos-gcc -c -g -O2 -DHB_EXPERIMENTAL_API=1 conftest.c >&5
configure:9890: $? = 0
configure:9890: result: yes
configure:9890: checking for sys/types.h
configure:9890: ppc-amigaos-gcc -c -g -O2 -DHB_EXPERIMENTAL_API=1 conftest.c >&5
configure:9890: $? = 0
configure:9890: result: yes
configure:9890: checking for unistd.h
configure:9890: ppc-amigaos-gcc -c -g -O2 -DHB_EXPERIMENTAL_API=1 conftest.c >&5
configure:9890: $? = 0
configure:9890: result: yes
configure:9915: checking for dlfcn.h
configure:9915: ppc-amigaos-gcc -c -g -O2 -DHB_EXPERIMENTAL_API=1 conftest.c >&5
conftest.c:48:10: fatal error: dlfcn.h: No such file or directory
   48 | #include <dlfcn.h>
      |          ^~~~~~~~~
compilation terminated.
configure:9915: $? = 1
configure: failed program was:
| /* confdefs.h */
| #define PACKAGE_NAME "HarfBuzz"
| #define PACKAGE_TARNAME "harfbuzz"
| #define PACKAGE_VERSION "8.5.0"
| #define PACKAGE_STRING "HarfBuzz 8.5.0"
| #define PACKAGE_BUGREPORT "https://github.com/harfbuzz/harfbuzz/issues/new"
| #define PACKAGE_URL "http://harfbuzz.org/"
| #define HAVE_STDIO_H 1
| #define HAVE_STDLIB_H 1
| #define HAVE_STRING_H 1
| #define HAVE_INTTYPES_H 1
| #define HAVE_STDINT_H 1
| #define HAVE_STRINGS_H 1
| #define HAVE_SYS_STAT_H 1
| #define HAVE_SYS_TYPES_H 1
| #define HAVE_UNISTD_H 1
| #define STDC_HEADERS 1
| /* end confdefs.h.  */
| #include <stddef.h>
| #ifdef HAVE_STDIO_H
| # include <stdio.h>
| #endif
| #ifdef HAVE_STDLIB_H
| # include <stdlib.h>
| #endif
| #ifdef HAVE_STRING_H
| # include <string.h>
| #endif
| #ifdef HAVE_INTTYPES_H
| # include <inttypes.h>
| #endif
| #ifdef HAVE_STDINT_H
| # include <stdint.h>
| #endif
| #ifdef HAVE_STRINGS_H
| # include <strings.h>
| #endif
| #ifdef HAVE_SYS_TYPES_H
| # include <sys/types.h>
| #endif
| #ifdef HAVE_SYS_STAT_H
| # include <sys/stat.h>
| #endif
| #ifdef HAVE_UNISTD_H
| # include <unistd.h>
| #endif
| 
| #include <dlfcn.h>
configure:9915: result: no
configure:10173: checking for objdir
configure:10189: result: .libs
configure:10453: checking if ppc-amigaos-gcc supports -fno-rtti -fno-exceptions
configure:10472: ppc-amigaos-gcc -c -g -O2 -DHB_EXPERIMENTAL_API=1 -fno-rtti -fno-exceptions conftest.c >&5
cc1: warning: command-line option '-fno-rtti' is valid for C++/D/ObjC++ but not for C
configure:10476: $? = 0
configure:10489: result: no
configure:10853: checking for ppc-amigaos-gcc option to produce PIC
configure:10861: result: -fPIC -DPIC
configure:10869: checking if ppc-amigaos-gcc PIC flag -fPIC -DPIC works
configure:10888: ppc-amigaos-gcc -c -g -O2 -DHB_EXPERIMENTAL_API=1 -fPIC -DPIC -DPIC conftest.c >&5
configure:10892: $? = 0
configure:10905: result: yes
configure:10934: checking if ppc-amigaos-gcc static flag -static works
configure:10963: result: yes
configure:10978: checking if ppc-amigaos-gcc supports -c -o file.o
configure:11000: ppc-amigaos-gcc -c -g -O2 -DHB_EXPERIMENTAL_API=1 -o out/conftest2.o conftest.c >&5
configure:11004: $? = 0
configure:11026: result: yes
configure:11034: checking if ppc-amigaos-gcc supports -c -o file.o
configure:11082: result: yes
configure:11115: checking whether the ppc-amigaos-gcc linker (/usr/ppc-amigaos/bin/ld) supports shared libraries
configure:12389: result: yes
configure:12630: checking dynamic linker characteristics
configure:13463: result: amigaos ld.so
configure:13585: checking how to hardcode library paths into programs
configure:13610: result: immediate
configure:14162: checking whether stripping libraries is possible
configure:14171: result: yes
configure:14213: checking if libtool supports shared libraries
configure:14215: result: yes
configure:14218: checking whether to build shared libraries
configure:14243: result: no
configure:14246: checking whether to build static libraries
configure:14250: result: yes
configure:14297: checking for ppc-amigaos-gcc
configure:14329: result: ppc-amigaos-gcc
configure:14727: checking for C compiler version
configure:14736: ppc-amigaos-gcc --version >&5
ppc-amigaos-gcc (adtools build 11.3.0) 11.3.0
Copyright (C) 2021 Free Software Foundation, Inc.
This is free software; see the source for copying conditions.  There is NO
warranty; not even for MERCHANTABILITY or FITNESS FOR A PARTICULAR PURPOSE.

configure:14747: $? = 0
configure:14736: ppc-amigaos-gcc -v >&5
Using built-in specs.
COLLECT_GCC=ppc-amigaos-gcc
COLLECT_LTO_WRAPPER=/usr/libexec/gcc/ppc-amigaos/11.3.0/lto-wrapper
Target: ppc-amigaos
Configured with: /home/apalmate/Software/adtools/gcc/repo/configure --with-bugurl=https://github.com/sba1/adtools/issues --with-pkgversion='adtools build 11.3.0' --target=ppc-amigaos --prefix=/usr --enable-languages=c,c++ --enable-haifa --enable-sjlj-exceptions --disable-libstdcxx-pch --disable-tls --enable-threads=amigaos --enable-lto --disable-c++tools
Thread model: amigaos
Supported LTO compression algorithms: zlib
gcc version 11.3.0 (adtools build 11.3.0) 
configure:14747: $? = 0
configure:14736: ppc-amigaos-gcc -V >&5
ppc-amigaos-gcc: error: unrecognized command-line option '-V'
ppc-amigaos-gcc: fatal error: no input files
compilation terminated.
configure:14747: $? = 1
configure:14736: ppc-amigaos-gcc -qversion >&5
ppc-amigaos-gcc: error: unrecognized command-line option '-qversion'; did you mean '--version'?
ppc-amigaos-gcc: fatal error: no input files
compilation terminated.
configure:14747: $? = 1
configure:14736: ppc-amigaos-gcc -version >&5
ppc-amigaos-gcc: error: unrecognized command-line option '-version'
ppc-amigaos-gcc: fatal error: no input files
compilation terminated.
configure:14747: $? = 1
configure:14751: checking whether the compiler supports GNU C
configure:14781: result: yes
configure:14792: checking whether ppc-amigaos-gcc accepts -g
configure:14857: result: yes
configure:14877: checking for ppc-amigaos-gcc option to enable C11 features
configure:14910: result: none needed
configure:15026: checking whether ppc-amigaos-gcc understands -c and -o together
configure:15064: result: yes
configure:15083: checking dependency style of ppc-amigaos-gcc
configure:15195: result: gcc3
configure:15232: checking for ppc-amigaos-g++
configure:15253: found /usr/bin/ppc-amigaos-g++
configure:15264: result: ppc-amigaos-g++
configure:15340: checking for C++ compiler version
configure:15349: ppc-amigaos-g++ --version >&5
ppc-amigaos-g++ (adtools build 11.3.0) 11.3.0
Copyright (C) 2021 Free Software Foundation, Inc.
This is free software; see the source for copying conditions.  There is NO
warranty; not even for MERCHANTABILITY or FITNESS FOR A PARTICULAR PURPOSE.

configure:15360: $? = 0
configure:15349: ppc-amigaos-g++ -v >&5
Using built-in specs.
COLLECT_GCC=ppc-amigaos-g++
COLLECT_LTO_WRAPPER=/usr/libexec/gcc/ppc-amigaos/11.3.0/lto-wrapper
Target: ppc-amigaos
Configured with: /home/apalmate/Software/adtools/gcc/repo/configure --with-bugurl=https://github.com/sba1/adtools/issues --with-pkgversion='adtools build 11.3.0' --target=ppc-amigaos --prefix=/usr --enable-languages=c,c++ --enable-haifa --enable-sjlj-exceptions --disable-libstdcxx-pch --disable-tls --enable-threads=amigaos --enable-lto --disable-c++tools
Thread model: amigaos
Supported LTO compression algorithms: zlib
gcc version 11.3.0 (adtools build 11.3.0) 
configure:15360: $? = 0
configure:15349: ppc-amigaos-g++ -V >&5
ppc-amigaos-g++: error: unrecognized command-line option '-V'
ppc-amigaos-g++: fatal error: no input files
compilation terminated.
configure:15360: $? = 1
configure:15349: ppc-amigaos-g++ -qversion >&5
ppc-amigaos-g++: error: unrecognized command-line option '-qversion'; did you mean '--version'?
ppc-amigaos-g++: fatal error: no input files
compilation terminated.
configure:15360: $? = 1
configure:15364: checking whether the compiler supports GNU C++
configure:15384: ppc-amigaos-g++ -c  -DHB_EXPERIMENTAL_API=1 conftest.cpp >&5
configure:15384: $? = 0
configure:15394: result: yes
configure:15405: checking whether ppc-amigaos-g++ accepts -g
configure:15426: ppc-amigaos-g++ -c -g -DHB_EXPERIMENTAL_API=1 conftest.cpp >&5
configure:15426: $? = 0
configure:15470: result: yes
configure:15490: checking for ppc-amigaos-g++ option to enable C++11 features
configure:15505: ppc-amigaos-g++  -c -g -O2 -DHB_EXPERIMENTAL_API=1 conftest.cpp >&5
conftest.cpp: In function 'int main(int, char**)':
conftest.cpp:186:25: warning: empty parentheses were disambiguated as a function declaration [-Wvexing-parse]
  186 |   cxx11test::delegate d2();
      |                         ^~
conftest.cpp:186:25: note: remove parentheses to default-initialize a variable
  186 |   cxx11test::delegate d2();
      |                         ^~
      |                         --
conftest.cpp:186:25: note: or replace parentheses with braces to value-initialize a variable
configure:15505: $? = 0
configure:15523: result: none needed
configure:15589: checking dependency style of ppc-amigaos-g++
configure:15701: result: gcc3
configure:15734: checking how to run the C++ preprocessor
configure:15756: ppc-amigaos-g++ -E -DHB_EXPERIMENTAL_API=1 conftest.cpp
configure:15756: $? = 0
configure:15771: ppc-amigaos-g++ -E -DHB_EXPERIMENTAL_API=1 conftest.cpp
conftest.cpp:20:10: fatal error: ac_nonexistent.h: No such file or directory
   20 | #include <ac_nonexistent.h>
      |          ^~~~~~~~~~~~~~~~~~
compilation terminated.
configure:15771: $? = 1
configure: failed program was:
| /* confdefs.h */
| #define PACKAGE_NAME "HarfBuzz"
| #define PACKAGE_TARNAME "harfbuzz"
| #define PACKAGE_VERSION "8.5.0"
| #define PACKAGE_STRING "HarfBuzz 8.5.0"
| #define PACKAGE_BUGREPORT "https://github.com/harfbuzz/harfbuzz/issues/new"
| #define PACKAGE_URL "http://harfbuzz.org/"
| #define HAVE_STDIO_H 1
| #define HAVE_STDLIB_H 1
| #define HAVE_STRING_H 1
| #define HAVE_INTTYPES_H 1
| #define HAVE_STDINT_H 1
| #define HAVE_STRINGS_H 1
| #define HAVE_SYS_STAT_H 1
| #define HAVE_SYS_TYPES_H 1
| #define HAVE_UNISTD_H 1
| #define STDC_HEADERS 1
| #define LT_OBJDIR ".libs/"
| /* end confdefs.h.  */
| #include <ac_nonexistent.h>
configure:15798: result: ppc-amigaos-g++ -E
configure:15812: ppc-amigaos-g++ -E -DHB_EXPERIMENTAL_API=1 conftest.cpp
configure:15812: $? = 0
configure:15827: ppc-amigaos-g++ -E -DHB_EXPERIMENTAL_API=1 conftest.cpp
conftest.cpp:20:10: fatal error: ac_nonexistent.h: No such file or directory
   20 | #include <ac_nonexistent.h>
      |          ^~~~~~~~~~~~~~~~~~
compilation terminated.
configure:15827: $? = 1
configure: failed program was:
| /* confdefs.h */
| #define PACKAGE_NAME "HarfBuzz"
| #define PACKAGE_TARNAME "harfbuzz"
| #define PACKAGE_VERSION "8.5.0"
| #define PACKAGE_STRING "HarfBuzz 8.5.0"
| #define PACKAGE_BUGREPORT "https://github.com/harfbuzz/harfbuzz/issues/new"
| #define PACKAGE_URL "http://harfbuzz.org/"
| #define HAVE_STDIO_H 1
| #define HAVE_STDLIB_H 1
| #define HAVE_STRING_H 1
| #define HAVE_INTTYPES_H 1
| #define HAVE_STDINT_H 1
| #define HAVE_STRINGS_H 1
| #define HAVE_SYS_STAT_H 1
| #define HAVE_SYS_TYPES_H 1
| #define HAVE_UNISTD_H 1
| #define STDC_HEADERS 1
| #define LT_OBJDIR ".libs/"
| /* end confdefs.h.  */
| #include <ac_nonexistent.h>
configure:15992: checking for ld used by ppc-amigaos-g++
configure:16060: result: /usr/ppc-amigaos/bin/ld
configure:16067: checking if the linker (/usr/ppc-amigaos/bin/ld) is GNU ld
configure:16083: result: yes
configure:16138: checking whether the ppc-amigaos-g++ linker (/usr/ppc-amigaos/bin/ld) supports shared libraries
configure:17216: result: no
configure:17252: ppc-amigaos-g++ -c -g -O2 -DHB_EXPERIMENTAL_API=1 conftest.cpp >&5
configure:17255: $? = 0
configure:17736: checking for ppc-amigaos-g++ option to produce PIC
configure:17744: result: -fPIC -DPIC
configure:17752: checking if ppc-amigaos-g++ PIC flag -fPIC -DPIC works
configure:17771: ppc-amigaos-g++ -c -g -O2 -DHB_EXPERIMENTAL_API=1 -fPIC -DPIC -DPIC conftest.cpp >&5
configure:17775: $? = 0
configure:17788: result: yes
configure:17811: checking if ppc-amigaos-g++ static flag -static works
configure:17840: result: yes
configure:17852: checking if ppc-amigaos-g++ supports -c -o file.o
configure:17874: ppc-amigaos-g++ -c -g -O2 -DHB_EXPERIMENTAL_API=1 -o out/conftest2.o conftest.cpp >&5
configure:17878: $? = 0
configure:17900: result: yes
configure:17905: checking if ppc-amigaos-g++ supports -c -o file.o
configure:17953: result: yes
configure:17983: checking whether the ppc-amigaos-g++ linker (/usr/ppc-amigaos/bin/ld) supports shared libraries
configure:18026: result: no
configure:18168: checking dynamic linker characteristics
configure:18928: result: amigaos ld.so
configure:18993: checking how to hardcode library paths into programs
configure:19018: result: immediate
configure:19065: checking whether ppc-amigaos-g++ supports C++11 features by default
configure:19360: ppc-amigaos-g++ -c -g -O2 -DHB_EXPERIMENTAL_API=1 conftest.cpp >&5
configure:19360: $? = 0
configure:19368: result: yes
configure:20057: checking for special C compiler options needed for large files
configure:20105: result: no
configure:20111: checking for _FILE_OFFSET_BITS value needed for large files
configure:20137: ppc-amigaos-gcc -c -g -O2 -DHB_EXPERIMENTAL_API=1 conftest.c >&5
conftest.c:26:39: warning: result of '-2147483648 << 31' requires 63 bits to represent, but 'long int' only has 32 bits [-Wshift-overflow=]
   26 | #define LARGE_OFF_T (((off_t) 1 << 31 << 31) - 1 + ((off_t) 1 << 31 << 31))
      |                                       ^~
conftest.c:27:23: note: in expansion of macro 'LARGE_OFF_T'
   27 |   int off_t_is_large[(LARGE_OFF_T % 2147483629 == 721
      |                       ^~~~~~~~~~~
conftest.c:26:69: warning: result of '-2147483648 << 31' requires 63 bits to represent, but 'long int' only has 32 bits [-Wshift-overflow=]
   26 | #define LARGE_OFF_T (((off_t) 1 << 31 << 31) - 1 + ((off_t) 1 << 31 << 31))
      |                                                                     ^~
conftest.c:27:23: note: in expansion of macro 'LARGE_OFF_T'
   27 |   int off_t_is_large[(LARGE_OFF_T % 2147483629 == 721
      |                       ^~~~~~~~~~~
conftest.c:26:39: warning: result of '-2147483648 << 31' requires 63 bits to represent, but 'long int' only has 32 bits [-Wshift-overflow=]
   26 | #define LARGE_OFF_T (((off_t) 1 << 31 << 31) - 1 + ((off_t) 1 << 31 << 31))
      |                                       ^~
conftest.c:28:27: note: in expansion of macro 'LARGE_OFF_T'
   28 |                        && LARGE_OFF_T % 2147483647 == 1)
      |                           ^~~~~~~~~~~
conftest.c:26:69: warning: result of '-2147483648 << 31' requires 63 bits to represent, but 'long int' only has 32 bits [-Wshift-overflow=]
   26 | #define LARGE_OFF_T (((off_t) 1 << 31 << 31) - 1 + ((off_t) 1 << 31 << 31))
      |                                                                     ^~
conftest.c:28:27: note: in expansion of macro 'LARGE_OFF_T'
   28 |                        && LARGE_OFF_T % 2147483647 == 1)
      |                           ^~~~~~~~~~~
conftest.c:27:7: error: variably modified 'off_t_is_large' at file scope
   27 |   int off_t_is_large[(LARGE_OFF_T % 2147483629 == 721
      |       ^~~~~~~~~~~~~~
configure:20137: $? = 1
configure: failed program was:
| /* confdefs.h */
| #define PACKAGE_NAME "HarfBuzz"
| #define PACKAGE_TARNAME "harfbuzz"
| #define PACKAGE_VERSION "8.5.0"
| #define PACKAGE_STRING "HarfBuzz 8.5.0"
| #define PACKAGE_BUGREPORT "https://github.com/harfbuzz/harfbuzz/issues/new"
| #define PACKAGE_URL "http://harfbuzz.org/"
| #define HAVE_STDIO_H 1
| #define HAVE_STDLIB_H 1
| #define HAVE_STRING_H 1
| #define HAVE_INTTYPES_H 1
| #define HAVE_STDINT_H 1
| #define HAVE_STRINGS_H 1
| #define HAVE_SYS_STAT_H 1
| #define HAVE_SYS_TYPES_H 1
| #define HAVE_UNISTD_H 1
| #define STDC_HEADERS 1
| #define LT_OBJDIR ".libs/"
| #define HAVE_CXX11 1
| /* end confdefs.h.  */
| #include <sys/types.h>
|  /* Check that off_t can represent 2**63 - 1 correctly.
|     We can't simply define LARGE_OFF_T to be 9223372036854775807,
|     since some C++ compilers masquerading as C compilers
|     incorrectly reject 9223372036854775807.  */
| #define LARGE_OFF_T (((off_t) 1 << 31 << 31) - 1 + ((off_t) 1 << 31 << 31))
|   int off_t_is_large[(LARGE_OFF_T % 2147483629 == 721
| 		       && LARGE_OFF_T % 2147483647 == 1)
| 		      ? 1 : -1];
| int
| main (void)
| {
| 
|   ;
|   return 0;
| }
configure:20162: ppc-amigaos-gcc -c -g -O2 -DHB_EXPERIMENTAL_API=1 conftest.c >&5
conftest.c:27:39: warning: result of '-2147483648 << 31' requires 63 bits to represent, but 'long int' only has 32 bits [-Wshift-overflow=]
   27 | #define LARGE_OFF_T (((off_t) 1 << 31 << 31) - 1 + ((off_t) 1 << 31 << 31))
      |                                       ^~
conftest.c:28:23: note: in expansion of macro 'LARGE_OFF_T'
   28 |   int off_t_is_large[(LARGE_OFF_T % 2147483629 == 721
      |                       ^~~~~~~~~~~
conftest.c:27:69: warning: result of '-2147483648 << 31' requires 63 bits to represent, but 'long int' only has 32 bits [-Wshift-overflow=]
   27 | #define LARGE_OFF_T (((off_t) 1 << 31 << 31) - 1 + ((off_t) 1 << 31 << 31))
      |                                                                     ^~
conftest.c:28:23: note: in expansion of macro 'LARGE_OFF_T'
   28 |   int off_t_is_large[(LARGE_OFF_T % 2147483629 == 721
      |                       ^~~~~~~~~~~
conftest.c:27:39: warning: result of '-2147483648 << 31' requires 63 bits to represent, but 'long int' only has 32 bits [-Wshift-overflow=]
   27 | #define LARGE_OFF_T (((off_t) 1 << 31 << 31) - 1 + ((off_t) 1 << 31 << 31))
      |                                       ^~
conftest.c:29:27: note: in expansion of macro 'LARGE_OFF_T'
   29 |                        && LARGE_OFF_T % 2147483647 == 1)
      |                           ^~~~~~~~~~~
conftest.c:27:69: warning: result of '-2147483648 << 31' requires 63 bits to represent, but 'long int' only has 32 bits [-Wshift-overflow=]
   27 | #define LARGE_OFF_T (((off_t) 1 << 31 << 31) - 1 + ((off_t) 1 << 31 << 31))
      |                                                                     ^~
conftest.c:29:27: note: in expansion of macro 'LARGE_OFF_T'
   29 |                        && LARGE_OFF_T % 2147483647 == 1)
      |                           ^~~~~~~~~~~
conftest.c:28:7: error: variably modified 'off_t_is_large' at file scope
   28 |   int off_t_is_large[(LARGE_OFF_T % 2147483629 == 721
      |       ^~~~~~~~~~~~~~
configure:20162: $? = 1
configure: failed program was:
| /* confdefs.h */
| #define PACKAGE_NAME "HarfBuzz"
| #define PACKAGE_TARNAME "harfbuzz"
| #define PACKAGE_VERSION "8.5.0"
| #define PACKAGE_STRING "HarfBuzz 8.5.0"
| #define PACKAGE_BUGREPORT "https://github.com/harfbuzz/harfbuzz/issues/new"
| #define PACKAGE_URL "http://harfbuzz.org/"
| #define HAVE_STDIO_H 1
| #define HAVE_STDLIB_H 1
| #define HAVE_STRING_H 1
| #define HAVE_INTTYPES_H 1
| #define HAVE_STDINT_H 1
| #define HAVE_STRINGS_H 1
| #define HAVE_SYS_STAT_H 1
| #define HAVE_SYS_TYPES_H 1
| #define HAVE_UNISTD_H 1
| #define STDC_HEADERS 1
| #define LT_OBJDIR ".libs/"
| #define HAVE_CXX11 1
| /* end confdefs.h.  */
| #define _FILE_OFFSET_BITS 64
| #include <sys/types.h>
|  /* Check that off_t can represent 2**63 - 1 correctly.
|     We can't simply define LARGE_OFF_T to be 9223372036854775807,
|     since some C++ compilers masquerading as C compilers
|     incorrectly reject 9223372036854775807.  */
| #define LARGE_OFF_T (((off_t) 1 << 31 << 31) - 1 + ((off_t) 1 << 31 << 31))
|   int off_t_is_large[(LARGE_OFF_T % 2147483629 == 721
| 		       && LARGE_OFF_T % 2147483647 == 1)
| 		      ? 1 : -1];
| int
| main (void)
| {
| 
|   ;
|   return 0;
| }
configure:20171: result: unknown
configure:20181: checking for _LARGE_FILES value needed for large files
configure:20207: ppc-amigaos-gcc -c -g -O2 -DHB_EXPERIMENTAL_API=1 conftest.c >&5
conftest.c:26:39: warning: result of '-2147483648 << 31' requires 63 bits to represent, but 'long int' only has 32 bits [-Wshift-overflow=]
   26 | #define LARGE_OFF_T (((off_t) 1 << 31 << 31) - 1 + ((off_t) 1 << 31 << 31))
      |                                       ^~
conftest.c:27:23: note: in expansion of macro 'LARGE_OFF_T'
   27 |   int off_t_is_large[(LARGE_OFF_T % 2147483629 == 721
      |                       ^~~~~~~~~~~
conftest.c:26:69: warning: result of '-2147483648 << 31' requires 63 bits to represent, but 'long int' only has 32 bits [-Wshift-overflow=]
   26 | #define LARGE_OFF_T (((off_t) 1 << 31 << 31) - 1 + ((off_t) 1 << 31 << 31))
      |                                                                     ^~
conftest.c:27:23: note: in expansion of macro 'LARGE_OFF_T'
   27 |   int off_t_is_large[(LARGE_OFF_T % 2147483629 == 721
      |                       ^~~~~~~~~~~
conftest.c:26:39: warning: result of '-2147483648 << 31' requires 63 bits to represent, but 'long int' only has 32 bits [-Wshift-overflow=]
   26 | #define LARGE_OFF_T (((off_t) 1 << 31 << 31) - 1 + ((off_t) 1 << 31 << 31))
      |                                       ^~
conftest.c:28:27: note: in expansion of macro 'LARGE_OFF_T'
   28 |                        && LARGE_OFF_T % 2147483647 == 1)
      |                           ^~~~~~~~~~~
conftest.c:26:69: warning: result of '-2147483648 << 31' requires 63 bits to represent, but 'long int' only has 32 bits [-Wshift-overflow=]
   26 | #define LARGE_OFF_T (((off_t) 1 << 31 << 31) - 1 + ((off_t) 1 << 31 << 31))
      |                                                                     ^~
conftest.c:28:27: note: in expansion of macro 'LARGE_OFF_T'
   28 |                        && LARGE_OFF_T % 2147483647 == 1)
      |                           ^~~~~~~~~~~
conftest.c:27:7: error: variably modified 'off_t_is_large' at file scope
   27 |   int off_t_is_large[(LARGE_OFF_T % 2147483629 == 721
      |       ^~~~~~~~~~~~~~
configure:20207: $? = 1
configure: failed program was:
| /* confdefs.h */
| #define PACKAGE_NAME "HarfBuzz"
| #define PACKAGE_TARNAME "harfbuzz"
| #define PACKAGE_VERSION "8.5.0"
| #define PACKAGE_STRING "HarfBuzz 8.5.0"
| #define PACKAGE_BUGREPORT "https://github.com/harfbuzz/harfbuzz/issues/new"
| #define PACKAGE_URL "http://harfbuzz.org/"
| #define HAVE_STDIO_H 1
| #define HAVE_STDLIB_H 1
| #define HAVE_STRING_H 1
| #define HAVE_INTTYPES_H 1
| #define HAVE_STDINT_H 1
| #define HAVE_STRINGS_H 1
| #define HAVE_SYS_STAT_H 1
| #define HAVE_SYS_TYPES_H 1
| #define HAVE_UNISTD_H 1
| #define STDC_HEADERS 1
| #define LT_OBJDIR ".libs/"
| #define HAVE_CXX11 1
| /* end confdefs.h.  */
| #include <sys/types.h>
|  /* Check that off_t can represent 2**63 - 1 correctly.
|     We can't simply define LARGE_OFF_T to be 9223372036854775807,
|     since some C++ compilers masquerading as C compilers
|     incorrectly reject 9223372036854775807.  */
| #define LARGE_OFF_T (((off_t) 1 << 31 << 31) - 1 + ((off_t) 1 << 31 << 31))
|   int off_t_is_large[(LARGE_OFF_T % 2147483629 == 721
| 		       && LARGE_OFF_T % 2147483647 == 1)
| 		      ? 1 : -1];
| int
| main (void)
| {
| 
|   ;
|   return 0;
| }
configure:20232: ppc-amigaos-gcc -c -g -O2 -DHB_EXPERIMENTAL_API=1 conftest.c >&5
conftest.c:27:39: warning: result of '-2147483648 << 31' requires 63 bits to represent, but 'long int' only has 32 bits [-Wshift-overflow=]
   27 | #define LARGE_OFF_T (((off_t) 1 << 31 << 31) - 1 + ((off_t) 1 << 31 << 31))
      |                                       ^~
conftest.c:28:23: note: in expansion of macro 'LARGE_OFF_T'
   28 |   int off_t_is_large[(LARGE_OFF_T % 2147483629 == 721
      |                       ^~~~~~~~~~~
conftest.c:27:69: warning: result of '-2147483648 << 31' requires 63 bits to represent, but 'long int' only has 32 bits [-Wshift-overflow=]
   27 | #define LARGE_OFF_T (((off_t) 1 << 31 << 31) - 1 + ((off_t) 1 << 31 << 31))
      |                                                                     ^~
conftest.c:28:23: note: in expansion of macro 'LARGE_OFF_T'
   28 |   int off_t_is_large[(LARGE_OFF_T % 2147483629 == 721
      |                       ^~~~~~~~~~~
conftest.c:27:39: warning: result of '-2147483648 << 31' requires 63 bits to represent, but 'long int' only has 32 bits [-Wshift-overflow=]
   27 | #define LARGE_OFF_T (((off_t) 1 << 31 << 31) - 1 + ((off_t) 1 << 31 << 31))
      |                                       ^~
conftest.c:29:27: note: in expansion of macro 'LARGE_OFF_T'
   29 |                        && LARGE_OFF_T % 2147483647 == 1)
      |                           ^~~~~~~~~~~
conftest.c:27:69: warning: result of '-2147483648 << 31' requires 63 bits to represent, but 'long int' only has 32 bits [-Wshift-overflow=]
   27 | #define LARGE_OFF_T (((off_t) 1 << 31 << 31) - 1 + ((off_t) 1 << 31 << 31))
      |                                                                     ^~
conftest.c:29:27: note: in expansion of macro 'LARGE_OFF_T'
   29 |                        && LARGE_OFF_T % 2147483647 == 1)
      |                           ^~~~~~~~~~~
conftest.c:28:7: error: variably modified 'off_t_is_large' at file scope
   28 |   int off_t_is_large[(LARGE_OFF_T % 2147483629 == 721
      |       ^~~~~~~~~~~~~~
configure:20232: $? = 1
configure: failed program was:
| /* confdefs.h */
| #define PACKAGE_NAME "HarfBuzz"
| #define PACKAGE_TARNAME "harfbuzz"
| #define PACKAGE_VERSION "8.5.0"
| #define PACKAGE_STRING "HarfBuzz 8.5.0"
| #define PACKAGE_BUGREPORT "https://github.com/harfbuzz/harfbuzz/issues/new"
| #define PACKAGE_URL "http://harfbuzz.org/"
| #define HAVE_STDIO_H 1
| #define HAVE_STDLIB_H 1
| #define HAVE_STRING_H 1
| #define HAVE_INTTYPES_H 1
| #define HAVE_STDINT_H 1
| #define HAVE_STRINGS_H 1
| #define HAVE_SYS_STAT_H 1
| #define HAVE_SYS_TYPES_H 1
| #define HAVE_UNISTD_H 1
| #define STDC_HEADERS 1
| #define LT_OBJDIR ".libs/"
| #define HAVE_CXX11 1
| /* end confdefs.h.  */
| #define _LARGE_FILES 1
| #include <sys/types.h>
|  /* Check that off_t can represent 2**63 - 1 correctly.
|     We can't simply define LARGE_OFF_T to be 9223372036854775807,
|     since some C++ compilers masquerading as C compilers
|     incorrectly reject 9223372036854775807.  */
| #define LARGE_OFF_T (((off_t) 1 << 31 << 31) - 1 + ((off_t) 1 << 31 << 31))
|   int off_t_is_large[(LARGE_OFF_T % 2147483629 == 721
| 		       && LARGE_OFF_T % 2147483647 == 1)
| 		      ? 1 : -1];
| int
| main (void)
| {
| 
|   ;
|   return 0;
| }
configure:20241: result: unknown
configure:20264: checking for ppc-amigaos-pkg-config
configure:20302: result: no
configure:20312: checking for pkg-config
configure:20335: found /usr/bin/pkg-config
configure:20347: result: /usr/bin/pkg-config
configure:20372: checking pkg-config is at least version 0.28
configure:20375: result: yes
configure:20441: checking for atexit
configure:20441: ppc-amigaos-gcc -o conftest -g -O2 -DHB_EXPERIMENTAL_API=1 -use-dynld -athread=native conftest.c -lcairo >&5
configure:20441: $? = 0
configure:20441: result: yes
configure:20447: checking for mprotect
configure:20447: ppc-amigaos-gcc -o conftest -g -O2 -DHB_EXPERIMENTAL_API=1 -use-dynld -athread=native conftest.c -lcairo >&5
/usr/lib/gcc/ppc-amigaos/11.3.0/../../../../ppc-amigaos/bin/ld: Dwarf Error: found dwarf version '5', this reader only handles version 2, 3 and 4 information.
/tmp/ccXICzeT.o: In function `main':
conftest.c:(.text.startup+0xc): undefined reference to `mprotect'
collect2: error: ld returned 1 exit status
configure:20447: $? = 1
configure: failed program was:
| /* confdefs.h */
| #define PACKAGE_NAME "HarfBuzz"
| #define PACKAGE_TARNAME "harfbuzz"
| #define PACKAGE_VERSION "8.5.0"
| #define PACKAGE_STRING "HarfBuzz 8.5.0"
| #define PACKAGE_BUGREPORT "https://github.com/harfbuzz/harfbuzz/issues/new"
| #define PACKAGE_URL "http://harfbuzz.org/"
| #define HAVE_STDIO_H 1
| #define HAVE_STDLIB_H 1
| #define HAVE_STRING_H 1
| #define HAVE_INTTYPES_H 1
| #define HAVE_STDINT_H 1
| #define HAVE_STRINGS_H 1
| #define HAVE_SYS_STAT_H 1
| #define HAVE_SYS_TYPES_H 1
| #define HAVE_UNISTD_H 1
| #define STDC_HEADERS 1
| #define LT_OBJDIR ".libs/"
| #define HAVE_CXX11 1
| #define HAVE_ATEXIT 1
| /* end confdefs.h.  */
| /* Define mprotect to an innocuous variant, in case <limits.h> declares mprotect.
|    For example, HP-UX 11i <limits.h> declares gettimeofday.  */
| #define mprotect innocuous_mprotect
| 
| /* System header to define __stub macros and hopefully few prototypes,
|    which can conflict with char mprotect (); below.  */
| 
| #include <limits.h>
| #undef mprotect
| 
| /* Override any GCC internal prototype to avoid an error.
|    Use char because int might match the return type of a GCC
|    builtin and then its argument prototype would still apply.  */
| #ifdef __cplusplus
| extern "C"
| #endif
| char mprotect ();
| /* The GNU C library defines this for functions which it implements
|     to always fail with ENOSYS.  Some functions are actually named
|     something starting with __ and the normal name is an alias.  */
| #if defined __stub_mprotect || defined __stub___mprotect
| choke me
| #endif
| 
| int
| main (void)
| {
| return mprotect ();
|   ;
|   return 0;
| }
configure:20447: result: no
configure:20453: checking for sysconf
configure:20453: ppc-amigaos-gcc -o conftest -g -O2 -DHB_EXPERIMENTAL_API=1 -use-dynld -athread=native conftest.c -lcairo >&5
configure:20453: $? = 0
configure:20453: result: yes
configure:20459: checking for getpagesize
configure:20459: ppc-amigaos-gcc -o conftest -g -O2 -DHB_EXPERIMENTAL_API=1 -use-dynld -athread=native conftest.c -lcairo >&5
/usr/lib/gcc/ppc-amigaos/11.3.0/../../../../ppc-amigaos/bin/ld: Dwarf Error: found dwarf version '5', this reader only handles version 2, 3 and 4 information.
/tmp/ccrMwlX9.o: In function `main':
conftest.c:(.text.startup+0xc): undefined reference to `getpagesize'
collect2: error: ld returned 1 exit status
configure:20459: $? = 1
configure: failed program was:
| /* confdefs.h */
| #define PACKAGE_NAME "HarfBuzz"
| #define PACKAGE_TARNAME "harfbuzz"
| #define PACKAGE_VERSION "8.5.0"
| #define PACKAGE_STRING "HarfBuzz 8.5.0"
| #define PACKAGE_BUGREPORT "https://github.com/harfbuzz/harfbuzz/issues/new"
| #define PACKAGE_URL "http://harfbuzz.org/"
| #define HAVE_STDIO_H 1
| #define HAVE_STDLIB_H 1
| #define HAVE_STRING_H 1
| #define HAVE_INTTYPES_H 1
| #define HAVE_STDINT_H 1
| #define HAVE_STRINGS_H 1
| #define HAVE_SYS_STAT_H 1
| #define HAVE_SYS_TYPES_H 1
| #define HAVE_UNISTD_H 1
| #define STDC_HEADERS 1
| #define LT_OBJDIR ".libs/"
| #define HAVE_CXX11 1
| #define HAVE_ATEXIT 1
| #define HAVE_SYSCONF 1
| /* end confdefs.h.  */
| /* Define getpagesize to an innocuous variant, in case <limits.h> declares getpagesize.
|    For example, HP-UX 11i <limits.h> declares gettimeofday.  */
| #define getpagesize innocuous_getpagesize
| 
| /* System header to define __stub macros and hopefully few prototypes,
|    which can conflict with char getpagesize (); below.  */
| 
| #include <limits.h>
| #undef getpagesize
| 
| /* Override any GCC internal prototype to avoid an error.
|    Use char because int might match the return type of a GCC
|    builtin and then its argument prototype would still apply.  */
| #ifdef __cplusplus
| extern "C"
| #endif
| char getpagesize ();
| /* The GNU C library defines this for functions which it implements
|     to always fail with ENOSYS.  Some functions are actually named
|     something starting with __ and the normal name is an alias.  */
| #if defined __stub_getpagesize || defined __stub___getpagesize
| choke me
| #endif
| 
| int
| main (void)
| {
| return getpagesize ();
|   ;
|   return 0;
| }
configure:20459: result: no
configure:20465: checking for mmap
configure:20465: ppc-amigaos-gcc -o conftest -g -O2 -DHB_EXPERIMENTAL_API=1 -use-dynld -athread=native conftest.c -lcairo >&5
/usr/lib/gcc/ppc-amigaos/11.3.0/../../../../ppc-amigaos/bin/ld: Dwarf Error: found dwarf version '5', this reader only handles version 2, 3 and 4 information.
/tmp/ccgwkGlc.o: In function `main':
conftest.c:(.text.startup+0xc): undefined reference to `mmap'
collect2: error: ld returned 1 exit status
configure:20465: $? = 1
configure: failed program was:
| /* confdefs.h */
| #define PACKAGE_NAME "HarfBuzz"
| #define PACKAGE_TARNAME "harfbuzz"
| #define PACKAGE_VERSION "8.5.0"
| #define PACKAGE_STRING "HarfBuzz 8.5.0"
| #define PACKAGE_BUGREPORT "https://github.com/harfbuzz/harfbuzz/issues/new"
| #define PACKAGE_URL "http://harfbuzz.org/"
| #define HAVE_STDIO_H 1
| #define HAVE_STDLIB_H 1
| #define HAVE_STRING_H 1
| #define HAVE_INTTYPES_H 1
| #define HAVE_STDINT_H 1
| #define HAVE_STRINGS_H 1
| #define HAVE_SYS_STAT_H 1
| #define HAVE_SYS_TYPES_H 1
| #define HAVE_UNISTD_H 1
| #define STDC_HEADERS 1
| #define LT_OBJDIR ".libs/"
| #define HAVE_CXX11 1
| #define HAVE_ATEXIT 1
| #define HAVE_SYSCONF 1
| /* end confdefs.h.  */
| /* Define mmap to an innocuous variant, in case <limits.h> declares mmap.
|    For example, HP-UX 11i <limits.h> declares gettimeofday.  */
| #define mmap innocuous_mmap
| 
| /* System header to define __stub macros and hopefully few prototypes,
|    which can conflict with char mmap (); below.  */
| 
| #include <limits.h>
| #undef mmap
| 
| /* Override any GCC internal prototype to avoid an error.
|    Use char because int might match the return type of a GCC
|    builtin and then its argument prototype would still apply.  */
| #ifdef __cplusplus
| extern "C"
| #endif
| char mmap ();
| /* The GNU C library defines this for functions which it implements
|     to always fail with ENOSYS.  Some functions are actually named
|     something starting with __ and the normal name is an alias.  */
| #if defined __stub_mmap || defined __stub___mmap
| choke me
| #endif
| 
| int
| main (void)
| {
| return mmap ();
|   ;
|   return 0;
| }
configure:20465: result: no
configure:20471: checking for isatty
configure:20471: ppc-amigaos-gcc -o conftest -g -O2 -DHB_EXPERIMENTAL_API=1 -use-dynld -athread=native conftest.c -lcairo >&5
configure:20471: $? = 0
configure:20471: result: yes
configure:20477: checking for newlocale
configure:20477: ppc-amigaos-gcc -o conftest -g -O2 -DHB_EXPERIMENTAL_API=1 -use-dynld -athread=native conftest.c -lcairo >&5
/usr/lib/gcc/ppc-amigaos/11.3.0/../../../../ppc-amigaos/bin/ld: Dwarf Error: found dwarf version '5', this reader only handles version 2, 3 and 4 information.
/tmp/cct70xXq.o: In function `main':
conftest.c:(.text.startup+0xc): undefined reference to `newlocale'
collect2: error: ld returned 1 exit status
configure:20477: $? = 1
configure: failed program was:
| /* confdefs.h */
| #define PACKAGE_NAME "HarfBuzz"
| #define PACKAGE_TARNAME "harfbuzz"
| #define PACKAGE_VERSION "8.5.0"
| #define PACKAGE_STRING "HarfBuzz 8.5.0"
| #define PACKAGE_BUGREPORT "https://github.com/harfbuzz/harfbuzz/issues/new"
| #define PACKAGE_URL "http://harfbuzz.org/"
| #define HAVE_STDIO_H 1
| #define HAVE_STDLIB_H 1
| #define HAVE_STRING_H 1
| #define HAVE_INTTYPES_H 1
| #define HAVE_STDINT_H 1
| #define HAVE_STRINGS_H 1
| #define HAVE_SYS_STAT_H 1
| #define HAVE_SYS_TYPES_H 1
| #define HAVE_UNISTD_H 1
| #define STDC_HEADERS 1
| #define LT_OBJDIR ".libs/"
| #define HAVE_CXX11 1
| #define HAVE_ATEXIT 1
| #define HAVE_SYSCONF 1
| #define HAVE_ISATTY 1
| /* end confdefs.h.  */
| /* Define newlocale to an innocuous variant, in case <limits.h> declares newlocale.
|    For example, HP-UX 11i <limits.h> declares gettimeofday.  */
| #define newlocale innocuous_newlocale
| 
| /* System header to define __stub macros and hopefully few prototypes,
|    which can conflict with char newlocale (); below.  */
| 
| #include <limits.h>
| #undef newlocale
| 
| /* Override any GCC internal prototype to avoid an error.
|    Use char because int might match the return type of a GCC
|    builtin and then its argument prototype would still apply.  */
| #ifdef __cplusplus
| extern "C"
| #endif
| char newlocale ();
| /* The GNU C library defines this for functions which it implements
|     to always fail with ENOSYS.  Some functions are actually named
|     something starting with __ and the normal name is an alias.  */
| #if defined __stub_newlocale || defined __stub___newlocale
| choke me
| #endif
| 
| int
| main (void)
| {
| return newlocale ();
|   ;
|   return 0;
| }
configure:20477: result: no
configure:20483: checking for uselocale
configure:20483: ppc-amigaos-gcc -o conftest -g -O2 -DHB_EXPERIMENTAL_API=1 -use-dynld -athread=native conftest.c -lcairo >&5
/usr/lib/gcc/ppc-amigaos/11.3.0/../../../../ppc-amigaos/bin/ld: Dwarf Error: found dwarf version '5', this reader only handles version 2, 3 and 4 information.
/tmp/ccWt1GVL.o: In function `main':
conftest.c:(.text.startup+0xc): undefined reference to `uselocale'
collect2: error: ld returned 1 exit status
configure:20483: $? = 1
configure: failed program was:
| /* confdefs.h */
| #define PACKAGE_NAME "HarfBuzz"
| #define PACKAGE_TARNAME "harfbuzz"
| #define PACKAGE_VERSION "8.5.0"
| #define PACKAGE_STRING "HarfBuzz 8.5.0"
| #define PACKAGE_BUGREPORT "https://github.com/harfbuzz/harfbuzz/issues/new"
| #define PACKAGE_URL "http://harfbuzz.org/"
| #define HAVE_STDIO_H 1
| #define HAVE_STDLIB_H 1
| #define HAVE_STRING_H 1
| #define HAVE_INTTYPES_H 1
| #define HAVE_STDINT_H 1
| #define HAVE_STRINGS_H 1
| #define HAVE_SYS_STAT_H 1
| #define HAVE_SYS_TYPES_H 1
| #define HAVE_UNISTD_H 1
| #define STDC_HEADERS 1
| #define LT_OBJDIR ".libs/"
| #define HAVE_CXX11 1
| #define HAVE_ATEXIT 1
| #define HAVE_SYSCONF 1
| #define HAVE_ISATTY 1
| /* end confdefs.h.  */
| /* Define uselocale to an innocuous variant, in case <limits.h> declares uselocale.
|    For example, HP-UX 11i <limits.h> declares gettimeofday.  */
| #define uselocale innocuous_uselocale
| 
| /* System header to define __stub macros and hopefully few prototypes,
|    which can conflict with char uselocale (); below.  */
| 
| #include <limits.h>
| #undef uselocale
| 
| /* Override any GCC internal prototype to avoid an error.
|    Use char because int might match the return type of a GCC
|    builtin and then its argument prototype would still apply.  */
| #ifdef __cplusplus
| extern "C"
| #endif
| char uselocale ();
| /* The GNU C library defines this for functions which it implements
|     to always fail with ENOSYS.  Some functions are actually named
|     something starting with __ and the normal name is an alias.  */
| #if defined __stub_uselocale || defined __stub___uselocale
| choke me
| #endif
| 
| int
| main (void)
| {
| return uselocale ();
|   ;
|   return 0;
| }
configure:20483: result: no
configure:20489: checking for sincosf
configure:20489: ppc-amigaos-gcc -o conftest -g -O2 -DHB_EXPERIMENTAL_API=1 -use-dynld -athread=native conftest.c -lcairo >&5
conftest.c:40:6: warning: conflicting types for built-in function 'sincosf'; expected 'void(float,  float *, float *)' [-Wbuiltin-declaration-mismatch]
   40 | char sincosf ();
      |      ^~~~~~~
conftest.c:32:1: note: 'sincosf' is declared in header '<math.h>'
   31 | #include <limits.h>
   32 | #undef sincosf
configure:20489: $? = 0
configure:20489: result: yes
configure:20496: checking for unistd.h
configure:20496: result: yes
configure:20502: checking for sys/mman.h
configure:20502: ppc-amigaos-gcc -c -g -O2 -DHB_EXPERIMENTAL_API=1 conftest.c >&5
conftest.c:54:10: fatal error: sys/mman.h: No such file or directory
   54 | #include <sys/mman.h>
      |          ^~~~~~~~~~~~
compilation terminated.
configure:20502: $? = 1
configure: failed program was:
| /* confdefs.h */
| #define PACKAGE_NAME "HarfBuzz"
| #define PACKAGE_TARNAME "harfbuzz"
| #define PACKAGE_VERSION "8.5.0"
| #define PACKAGE_STRING "HarfBuzz 8.5.0"
| #define PACKAGE_BUGREPORT "https://github.com/harfbuzz/harfbuzz/issues/new"
| #define PACKAGE_URL "http://harfbuzz.org/"
| #define HAVE_STDIO_H 1
| #define HAVE_STDLIB_H 1
| #define HAVE_STRING_H 1
| #define HAVE_INTTYPES_H 1
| #define HAVE_STDINT_H 1
| #define HAVE_STRINGS_H 1
| #define HAVE_SYS_STAT_H 1
| #define HAVE_SYS_TYPES_H 1
| #define HAVE_UNISTD_H 1
| #define STDC_HEADERS 1
| #define LT_OBJDIR ".libs/"
| #define HAVE_CXX11 1
| #define HAVE_ATEXIT 1
| #define HAVE_SYSCONF 1
| #define HAVE_ISATTY 1
| #define HAVE_SINCOSF 1
| #define HAVE_UNISTD_H 1
| /* end confdefs.h.  */
| #include <stddef.h>
| #ifdef HAVE_STDIO_H
| # include <stdio.h>
| #endif
| #ifdef HAVE_STDLIB_H
| # include <stdlib.h>
| #endif
| #ifdef HAVE_STRING_H
| # include <string.h>
| #endif
| #ifdef HAVE_INTTYPES_H
| # include <inttypes.h>
| #endif
| #ifdef HAVE_STDINT_H
| # include <stdint.h>
| #endif
| #ifdef HAVE_STRINGS_H
| # include <strings.h>
| #endif
| #ifdef HAVE_SYS_TYPES_H
| # include <sys/types.h>
| #endif
| #ifdef HAVE_SYS_STAT_H
| # include <sys/stat.h>
| #endif
| #ifdef HAVE_UNISTD_H
| # include <unistd.h>
| #endif
| #include <sys/mman.h>
configure:20502: result: no
configure:20508: checking for stdbool.h
configure:20508: ppc-amigaos-gcc -c -g -O2 -DHB_EXPERIMENTAL_API=1 conftest.c >&5
configure:20508: $? = 0
configure:20508: result: yes
configure:20514: checking for xlocale.h
configure:20514: ppc-amigaos-gcc -c -g -O2 -DHB_EXPERIMENTAL_API=1 conftest.c >&5
conftest.c:55:10: fatal error: xlocale.h: No such file or directory
   55 | #include <xlocale.h>
      |          ^~~~~~~~~~~
compilation terminated.
configure:20514: $? = 1
configure: failed program was:
| /* confdefs.h */
| #define PACKAGE_NAME "HarfBuzz"
| #define PACKAGE_TARNAME "harfbuzz"
| #define PACKAGE_VERSION "8.5.0"
| #define PACKAGE_STRING "HarfBuzz 8.5.0"
| #define PACKAGE_BUGREPORT "https://github.com/harfbuzz/harfbuzz/issues/new"
| #define PACKAGE_URL "http://harfbuzz.org/"
| #define HAVE_STDIO_H 1
| #define HAVE_STDLIB_H 1
| #define HAVE_STRING_H 1
| #define HAVE_INTTYPES_H 1
| #define HAVE_STDINT_H 1
| #define HAVE_STRINGS_H 1
| #define HAVE_SYS_STAT_H 1
| #define HAVE_SYS_TYPES_H 1
| #define HAVE_UNISTD_H 1
| #define STDC_HEADERS 1
| #define LT_OBJDIR ".libs/"
| #define HAVE_CXX11 1
| #define HAVE_ATEXIT 1
| #define HAVE_SYSCONF 1
| #define HAVE_ISATTY 1
| #define HAVE_SINCOSF 1
| #define HAVE_UNISTD_H 1
| #define HAVE_STDBOOL_H 1
| /* end confdefs.h.  */
| #include <stddef.h>
| #ifdef HAVE_STDIO_H
| # include <stdio.h>
| #endif
| #ifdef HAVE_STDLIB_H
| # include <stdlib.h>
| #endif
| #ifdef HAVE_STRING_H
| # include <string.h>
| #endif
| #ifdef HAVE_INTTYPES_H
| # include <inttypes.h>
| #endif
| #ifdef HAVE_STDINT_H
| # include <stdint.h>
| #endif
| #ifdef HAVE_STRINGS_H
| # include <strings.h>
| #endif
| #ifdef HAVE_SYS_TYPES_H
| # include <sys/types.h>
| #endif
| #ifdef HAVE_SYS_STAT_H
| # include <sys/stat.h>
| #endif
| #ifdef HAVE_UNISTD_H
| # include <unistd.h>
| #endif
| #include <xlocale.h>
configure:20514: result: no
configure:20526: checking alignment of struct{char;}
configure:20532: ppc-amigaos-gcc -c -g -O2 -DHB_EXPERIMENTAL_API=1 conftest.c >&5
conftest.c:55:37: warning: declaration does not declare anything
   55 | typedef struct { char x; struct{char;} y; } ac__type_alignof_;
      |                                     ^
configure:20532: $? = 0
configure:20532: ppc-amigaos-gcc -c -g -O2 -DHB_EXPERIMENTAL_API=1 conftest.c >&5
conftest.c:55:37: warning: declaration does not declare anything
   55 | typedef struct { char x; struct{char;} y; } ac__type_alignof_;
      |                                     ^
conftest.c: In function 'main':
conftest.c:59:12: error: size of array 'test_array' is negative
   59 | static int test_array [1 - 2 * !(((long int) offsetof (ac__type_alignof_, y)) <= 0)];
      |            ^~~~~~~~~~
configure:20532: $? = 1
configure: failed program was:
| /* confdefs.h */
| #define PACKAGE_NAME "HarfBuzz"
| #define PACKAGE_TARNAME "harfbuzz"
| #define PACKAGE_VERSION "8.5.0"
| #define PACKAGE_STRING "HarfBuzz 8.5.0"
| #define PACKAGE_BUGREPORT "https://github.com/harfbuzz/harfbuzz/issues/new"
| #define PACKAGE_URL "http://harfbuzz.org/"
| #define HAVE_STDIO_H 1
| #define HAVE_STDLIB_H 1
| #define HAVE_STRING_H 1
| #define HAVE_INTTYPES_H 1
| #define HAVE_STDINT_H 1
| #define HAVE_STRINGS_H 1
| #define HAVE_SYS_STAT_H 1
| #define HAVE_SYS_TYPES_H 1
| #define HAVE_UNISTD_H 1
| #define STDC_HEADERS 1
| #define LT_OBJDIR ".libs/"
| #define HAVE_CXX11 1
| #define HAVE_ATEXIT 1
| #define HAVE_SYSCONF 1
| #define HAVE_ISATTY 1
| #define HAVE_SINCOSF 1
| #define HAVE_UNISTD_H 1
| #define HAVE_STDBOOL_H 1
| /* end confdefs.h.  */
| #include <stddef.h>
| #ifdef HAVE_STDIO_H
| # include <stdio.h>
| #endif
| #ifdef HAVE_STDLIB_H
| # include <stdlib.h>
| #endif
| #ifdef HAVE_STRING_H
| # include <string.h>
| #endif
| #ifdef HAVE_INTTYPES_H
| # include <inttypes.h>
| #endif
| #ifdef HAVE_STDINT_H
| # include <stdint.h>
| #endif
| #ifdef HAVE_STRINGS_H
| # include <strings.h>
| #endif
| #ifdef HAVE_SYS_TYPES_H
| # include <sys/types.h>
| #endif
| #ifdef HAVE_SYS_STAT_H
| # include <sys/stat.h>
| #endif
| #ifdef HAVE_UNISTD_H
| # include <unistd.h>
| #endif
| typedef struct { char x; struct{char;} y; } ac__type_alignof_;
| int
| main (void)
| {
| static int test_array [1 - 2 * !(((long int) offsetof (ac__type_alignof_, y)) <= 0)];
| test_array [0] = 0;
| return test_array [0];
| 
|   ;
|   return 0;
| }
configure:20532: ppc-amigaos-gcc -c -g -O2 -DHB_EXPERIMENTAL_API=1 conftest.c >&5
conftest.c:55:37: warning: declaration does not declare anything
   55 | typedef struct { char x; struct{char;} y; } ac__type_alignof_;
      |                                     ^
configure:20532: $? = 0
configure:20548: result: 1
configure:20559: checking whether the linker accepts -Bsymbolic-functions
configure:20579: ppc-amigaos-gcc -o conftest -g -O2 -DHB_EXPERIMENTAL_API=1 -use-dynld -athread=native  -Bsymbolic-functions conftest.c -lcairo >&5
configure:20579: $? = 0
configure:20589: result: yes
configure:20636: checking for native Win32
configure:20643: result: no
configure:20660: checking how to run the C preprocessor
configure:20686: ppc-amigaos-gcc -E -DHB_EXPERIMENTAL_API=1 conftest.c
configure:20686: $? = 0
configure:20701: ppc-amigaos-gcc -E -DHB_EXPERIMENTAL_API=1 conftest.c
conftest.c:28:10: fatal error: ac_nonexistent.h: No such file or directory
   28 | #include <ac_nonexistent.h>
      |          ^~~~~~~~~~~~~~~~~~
compilation terminated.
configure:20701: $? = 1
configure: failed program was:
| /* confdefs.h */
| #define PACKAGE_NAME "HarfBuzz"
| #define PACKAGE_TARNAME "harfbuzz"
| #define PACKAGE_VERSION "8.5.0"
| #define PACKAGE_STRING "HarfBuzz 8.5.0"
| #define PACKAGE_BUGREPORT "https://github.com/harfbuzz/harfbuzz/issues/new"
| #define PACKAGE_URL "http://harfbuzz.org/"
| #define HAVE_STDIO_H 1
| #define HAVE_STDLIB_H 1
| #define HAVE_STRING_H 1
| #define HAVE_INTTYPES_H 1
| #define HAVE_STDINT_H 1
| #define HAVE_STRINGS_H 1
| #define HAVE_SYS_STAT_H 1
| #define HAVE_SYS_TYPES_H 1
| #define HAVE_UNISTD_H 1
| #define STDC_HEADERS 1
| #define LT_OBJDIR ".libs/"
| #define HAVE_CXX11 1
| #define HAVE_ATEXIT 1
| #define HAVE_SYSCONF 1
| #define HAVE_ISATTY 1
| #define HAVE_SINCOSF 1
| #define HAVE_UNISTD_H 1
| #define HAVE_STDBOOL_H 1
| #define ALIGNOF_STRUCT_CHAR__ 1
| /* end confdefs.h.  */
| #include <ac_nonexistent.h>
configure:20728: result: ppc-amigaos-gcc -E
configure:20742: ppc-amigaos-gcc -E -DHB_EXPERIMENTAL_API=1 conftest.c
configure:20742: $? = 0
configure:20757: ppc-amigaos-gcc -E -DHB_EXPERIMENTAL_API=1 conftest.c
conftest.c:28:10: fatal error: ac_nonexistent.h: No such file or directory
   28 | #include <ac_nonexistent.h>
      |          ^~~~~~~~~~~~~~~~~~
compilation terminated.
configure:20757: $? = 1
configure: failed program was:
| /* confdefs.h */
| #define PACKAGE_NAME "HarfBuzz"
| #define PACKAGE_TARNAME "harfbuzz"
| #define PACKAGE_VERSION "8.5.0"
| #define PACKAGE_STRING "HarfBuzz 8.5.0"
| #define PACKAGE_BUGREPORT "https://github.com/harfbuzz/harfbuzz/issues/new"
| #define PACKAGE_URL "http://harfbuzz.org/"
| #define HAVE_STDIO_H 1
| #define HAVE_STDLIB_H 1
| #define HAVE_STRING_H 1
| #define HAVE_INTTYPES_H 1
| #define HAVE_STDINT_H 1
| #define HAVE_STRINGS_H 1
| #define HAVE_SYS_STAT_H 1
| #define HAVE_SYS_TYPES_H 1
| #define HAVE_UNISTD_H 1
| #define STDC_HEADERS 1
| #define LT_OBJDIR ".libs/"
| #define HAVE_CXX11 1
| #define HAVE_ATEXIT 1
| #define HAVE_SYSCONF 1
| #define HAVE_ISATTY 1
| #define HAVE_SINCOSF 1
| #define HAVE_UNISTD_H 1
| #define HAVE_STDBOOL_H 1
| #define ALIGNOF_STRUCT_CHAR__ 1
| /* end confdefs.h.  */
| #include <ac_nonexistent.h>
configure:20973: checking whether ppc-amigaos-gcc is Clang
configure:21000: result: no
configure:21128: checking whether pthreads work with -pthread
configure:21228: ppc-amigaos-gcc -o conftest -g -O2 -pthread -DHB_EXPERIMENTAL_API=1 -use-dynld -athread=native -Bsymbolic-functions conftest.c  -lcairo >&5
ppc-amigaos-gcc: error: unrecognized command-line option '-pthread'; did you mean '-athread='?
configure:21228: $? = 1
configure: failed program was:
| /* confdefs.h */
| #define PACKAGE_NAME "HarfBuzz"
| #define PACKAGE_TARNAME "harfbuzz"
| #define PACKAGE_VERSION "8.5.0"
| #define PACKAGE_STRING "HarfBuzz 8.5.0"
| #define PACKAGE_BUGREPORT "https://github.com/harfbuzz/harfbuzz/issues/new"
| #define PACKAGE_URL "http://harfbuzz.org/"
| #define HAVE_STDIO_H 1
| #define HAVE_STDLIB_H 1
| #define HAVE_STRING_H 1
| #define HAVE_INTTYPES_H 1
| #define HAVE_STDINT_H 1
| #define HAVE_STRINGS_H 1
| #define HAVE_SYS_STAT_H 1
| #define HAVE_SYS_TYPES_H 1
| #define HAVE_UNISTD_H 1
| #define STDC_HEADERS 1
| #define LT_OBJDIR ".libs/"
| #define HAVE_CXX11 1
| #define HAVE_ATEXIT 1
| #define HAVE_SYSCONF 1
| #define HAVE_ISATTY 1
| #define HAVE_SINCOSF 1
| #define HAVE_UNISTD_H 1
| #define HAVE_STDBOOL_H 1
| #define ALIGNOF_STRUCT_CHAR__ 1
| /* end confdefs.h.  */
| #include <pthread.h>
| #                       if 0
| #                        error "-- must be defined"
| #                       endif
|                         static void routine(void *a) { a = 0; }
|                         static void *start_routine(void *a) { return a; }
| int
| main (void)
| {
| pthread_t th; pthread_attr_t attr;
|                         pthread_create(&th, 0, start_routine, 0);
|                         pthread_join(th, 0);
|                         pthread_attr_init(&attr);
|                         pthread_cleanup_push(routine, 0);
|                         pthread_cleanup_pop(0) /* ; */
|   ;
|   return 0;
| }
configure:21238: result: no
configure:21128: checking whether pthreads work with -pthreads
configure:21228: ppc-amigaos-gcc -o conftest -g -O2 -pthreads -DHB_EXPERIMENTAL_API=1 -use-dynld -athread=native -Bsymbolic-functions conftest.c  -lcairo >&5
ppc-amigaos-gcc: error: unrecognized command-line option '-pthreads'; did you mean '-athread='?
configure:21228: $? = 1
configure: failed program was:
| /* confdefs.h */
| #define PACKAGE_NAME "HarfBuzz"
| #define PACKAGE_TARNAME "harfbuzz"
| #define PACKAGE_VERSION "8.5.0"
| #define PACKAGE_STRING "HarfBuzz 8.5.0"
| #define PACKAGE_BUGREPORT "https://github.com/harfbuzz/harfbuzz/issues/new"
| #define PACKAGE_URL "http://harfbuzz.org/"
| #define HAVE_STDIO_H 1
| #define HAVE_STDLIB_H 1
| #define HAVE_STRING_H 1
| #define HAVE_INTTYPES_H 1
| #define HAVE_STDINT_H 1
| #define HAVE_STRINGS_H 1
| #define HAVE_SYS_STAT_H 1
| #define HAVE_SYS_TYPES_H 1
| #define HAVE_UNISTD_H 1
| #define STDC_HEADERS 1
| #define LT_OBJDIR ".libs/"
| #define HAVE_CXX11 1
| #define HAVE_ATEXIT 1
| #define HAVE_SYSCONF 1
| #define HAVE_ISATTY 1
| #define HAVE_SINCOSF 1
| #define HAVE_UNISTD_H 1
| #define HAVE_STDBOOL_H 1
| #define ALIGNOF_STRUCT_CHAR__ 1
| /* end confdefs.h.  */
| #include <pthread.h>
| #                       if 0
| #                        error "-- must be defined"
| #                       endif
|                         static void routine(void *a) { a = 0; }
|                         static void *start_routine(void *a) { return a; }
| int
| main (void)
| {
| pthread_t th; pthread_attr_t attr;
|                         pthread_create(&th, 0, start_routine, 0);
|                         pthread_join(th, 0);
|                         pthread_attr_init(&attr);
|                         pthread_cleanup_push(routine, 0);
|                         pthread_cleanup_pop(0) /* ; */
|   ;
|   return 0;
| }
configure:21238: result: no
configure:21186: checking for the pthreads library -lpthreads
configure:21228: ppc-amigaos-gcc -o conftest -g -O2  -DHB_EXPERIMENTAL_API=1 -use-dynld -athread=native -Bsymbolic-functions conftest.c -lpthreads -lcairo >&5
/usr/lib/gcc/ppc-amigaos/11.3.0/../../../../ppc-amigaos/bin/ld: cannot find -lpthreads
collect2: error: ld returned 1 exit status
configure:21228: $? = 1
configure: failed program was:
| /* confdefs.h */
| #define PACKAGE_NAME "HarfBuzz"
| #define PACKAGE_TARNAME "harfbuzz"
| #define PACKAGE_VERSION "8.5.0"
| #define PACKAGE_STRING "HarfBuzz 8.5.0"
| #define PACKAGE_BUGREPORT "https://github.com/harfbuzz/harfbuzz/issues/new"
| #define PACKAGE_URL "http://harfbuzz.org/"
| #define HAVE_STDIO_H 1
| #define HAVE_STDLIB_H 1
| #define HAVE_STRING_H 1
| #define HAVE_INTTYPES_H 1
| #define HAVE_STDINT_H 1
| #define HAVE_STRINGS_H 1
| #define HAVE_SYS_STAT_H 1
| #define HAVE_SYS_TYPES_H 1
| #define HAVE_UNISTD_H 1
| #define STDC_HEADERS 1
| #define LT_OBJDIR ".libs/"
| #define HAVE_CXX11 1
| #define HAVE_ATEXIT 1
| #define HAVE_SYSCONF 1
| #define HAVE_ISATTY 1
| #define HAVE_SINCOSF 1
| #define HAVE_UNISTD_H 1
| #define HAVE_STDBOOL_H 1
| #define ALIGNOF_STRUCT_CHAR__ 1
| /* end confdefs.h.  */
| #include <pthread.h>
| #                       if 0
| #                        error "-- must be defined"
| #                       endif
|                         static void routine(void *a) { a = 0; }
|                         static void *start_routine(void *a) { return a; }
| int
| main (void)
| {
| pthread_t th; pthread_attr_t attr;
|                         pthread_create(&th, 0, start_routine, 0);
|                         pthread_join(th, 0);
|                         pthread_attr_init(&attr);
|                         pthread_cleanup_push(routine, 0);
|                         pthread_cleanup_pop(0) /* ; */
|   ;
|   return 0;
| }
configure:21238: result: no
configure:21116: checking whether pthreads work without any flags
configure:21228: ppc-amigaos-gcc -o conftest -g -O2  -DHB_EXPERIMENTAL_API=1 -use-dynld -athread=native -Bsymbolic-functions conftest.c  -lcairo >&5
configure:21228: $? = 0
configure:21238: result: yes
configure:21258: checking for joinable pthread attribute
configure:21277: ppc-amigaos-gcc -o conftest -g -O2  -DHB_EXPERIMENTAL_API=1 -use-dynld -athread=native -Bsymbolic-functions conftest.c  -lcairo >&5
configure:21277: $? = 0
configure:21286: result: PTHREAD_CREATE_JOINABLE
configure:21299: checking whether more special flags are required for pthreads
configure:21313: result: no
configure:21322: checking for PTHREAD_PRIO_INHERIT
configure:21339: ppc-amigaos-gcc -o conftest -g -O2  -DHB_EXPERIMENTAL_API=1 -use-dynld -athread=native -Bsymbolic-functions conftest.c  -lcairo >&5
conftest.c: In function 'main':
conftest.c:32:9: error: 'PTHREAD_PRIO_INHERIT' undeclared (first use in this function); did you mean 'PTHREAD_ONCE_INIT'?
   32 | int i = PTHREAD_PRIO_INHERIT;
      |         ^~~~~~~~~~~~~~~~~~~~
      |         PTHREAD_ONCE_INIT
conftest.c:32:9: note: each undeclared identifier is reported only once for each function it appears in
configure:21339: $? = 1
configure: failed program was:
| /* confdefs.h */
| #define PACKAGE_NAME "HarfBuzz"
| #define PACKAGE_TARNAME "harfbuzz"
| #define PACKAGE_VERSION "8.5.0"
| #define PACKAGE_STRING "HarfBuzz 8.5.0"
| #define PACKAGE_BUGREPORT "https://github.com/harfbuzz/harfbuzz/issues/new"
| #define PACKAGE_URL "http://harfbuzz.org/"
| #define HAVE_STDIO_H 1
| #define HAVE_STDLIB_H 1
| #define HAVE_STRING_H 1
| #define HAVE_INTTYPES_H 1
| #define HAVE_STDINT_H 1
| #define HAVE_STRINGS_H 1
| #define HAVE_SYS_STAT_H 1
| #define HAVE_SYS_TYPES_H 1
| #define HAVE_UNISTD_H 1
| #define STDC_HEADERS 1
| #define LT_OBJDIR ".libs/"
| #define HAVE_CXX11 1
| #define HAVE_ATEXIT 1
| #define HAVE_SYSCONF 1
| #define HAVE_ISATTY 1
| #define HAVE_SINCOSF 1
| #define HAVE_UNISTD_H 1
| #define HAVE_STDBOOL_H 1
| #define ALIGNOF_STRUCT_CHAR__ 1
| /* end confdefs.h.  */
| #include <pthread.h>
| int
| main (void)
| {
| int i = PTHREAD_PRIO_INHERIT;
|   ;
|   return 0;
| }
configure:21349: result: no
configure:21706: checking for cairo >= 1.10
configure:21713: $PKG_CONFIG --exists --print-errors "cairo >= 1.10"
configure:21716: $? = 0
configure:21730: $PKG_CONFIG --exists --print-errors "cairo >= 1.10"
configure:21733: $? = 0
configure:21771: result: yes
configure:21777: checking for cairo_user_font_face_set_render_color_glyph_func
configure:21777: ppc-amigaos-gcc -o conftest -g -O2 -DHB_EXPERIMENTAL_API=1 -use-dynld -athread=native -Bsymbolic-functions conftest.c -lcairo -L/usr/ppc-amigaos/SDK/local/newlib/lib -lcairo  >&5
configure:21777: $? = 0
configure:21777: result: yes
configure:21807: checking for cairo-ft
configure:21814: $PKG_CONFIG --exists --print-errors "cairo-ft"
configure:21817: $? = 0
configure:21831: $PKG_CONFIG --exists --print-errors "cairo-ft"
configure:21834: $? = 0
configure:21872: result: yes
configure:21905: checking for chafa >= 1.6.0
configure:21912: $PKG_CONFIG --exists --print-errors "chafa >= 1.6.0"
Package chafa was not found in the pkg-config search path.
Perhaps you should add the directory containing `chafa.pc'
to the PKG_CONFIG_PATH environment variable
Package 'chafa', required by 'virtual:world', not found
configure:21915: $? = 1
configure:21929: $PKG_CONFIG --exists --print-errors "chafa >= 1.6.0"
Package chafa was not found in the pkg-config search path.
Perhaps you should add the directory containing `chafa.pc'
to the PKG_CONFIG_PATH environment variable
Package 'chafa', required by 'virtual:world', not found
configure:21932: $? = 1
configure:21946: result: no
Package 'chafa', required by 'virtual:world', not found
configure:22245: checking for freetype2 >= 12.0.6
configure:22252: $PKG_CONFIG --exists --print-errors "$FREETYPE_DEPS"
configure:22255: $? = 0
configure:22269: $PKG_CONFIG --exists --print-errors "$FREETYPE_DEPS"
configure:22272: $? = 0
configure:22310: result: yes
configure:22324: checking for FT_Get_Var_Blend_Coordinates
configure:22324: ppc-amigaos-gcc -o conftest -g -O2 -DHB_EXPERIMENTAL_API=1 -use-dynld -athread=native -Bsymbolic-functions conftest.c -lcairo -lfreetype -lbz2 -lpng  >&5
configure:22324: $? = 0
configure:22324: result: yes
configure:22330: checking for FT_Set_Var_Blend_Coordinates
configure:22330: ppc-amigaos-gcc -o conftest -g -O2 -DHB_EXPERIMENTAL_API=1 -use-dynld -athread=native -Bsymbolic-functions conftest.c -lcairo -lfreetype -lbz2 -lpng  >&5
configure:22330: $? = 0
configure:22330: result: yes
configure:22336: checking for FT_Done_MM_Var
configure:22336: ppc-amigaos-gcc -o conftest -g -O2 -DHB_EXPERIMENTAL_API=1 -use-dynld -athread=native -Bsymbolic-functions conftest.c -lcairo -lfreetype -lbz2 -lpng  >&5
configure:22336: $? = 0
configure:22336: result: yes
configure:22342: checking for FT_Get_Transform
configure:22342: ppc-amigaos-gcc -o conftest -g -O2 -DHB_EXPERIMENTAL_API=1 -use-dynld -athread=native -Bsymbolic-functions conftest.c -lcairo -lfreetype -lbz2 -lpng  >&5
configure:22342: $? = 0
configure:22342: result: yes
configure:22715: checking that generated files are newer than configure
configure:22721: result: done
configure:22836: creating ./config.status
configure:25275:

Autotools is no longer our supported build system for building the library
for *nix distributions, please migrate to meson.


configure:25289:

Build configuration:

Unicode callbacks (you want at least one):
	Builtin			true
	Glib:			false
	ICU:			false

Font callbacks (the more the merrier):
	FreeType:		true

Tools used for command-line utilities:
	Cairo:			true
	Chafa:			false

Additional shapers:
	Graphite2:		false

Platform shapers (not normally needed):
	CoreText:		false
	DirectWrite:		false
	GDI:			false
	Uniscribe:		false
	WebAssembly:		false

Other features:
	Documentation:		
	GObject bindings:	false
	Introspection:		false


## ---------------- ##
## Cache variables. ##
## ---------------- ##

ac_cv_alignof_struct_char__=1
ac_cv_build=x86_64-pc-linux-gnu
ac_cv_c_compiler_gnu=yes
ac_cv_cxx_compiler_gnu=yes
ac_cv_env_CAIRO_CFLAGS_set=
ac_cv_env_CAIRO_CFLAGS_value=
ac_cv_env_CAIRO_FT_CFLAGS_set=
ac_cv_env_CAIRO_FT_CFLAGS_value=
ac_cv_env_CAIRO_FT_LIBS_set=
ac_cv_env_CAIRO_FT_LIBS_value=
ac_cv_env_CAIRO_LIBS_set=
ac_cv_env_CAIRO_LIBS_value=
ac_cv_env_CCC_set=
ac_cv_env_CCC_value=
ac_cv_env_CC_set=
ac_cv_env_CC_value=
ac_cv_env_CFLAGS_set=
ac_cv_env_CFLAGS_value=
ac_cv_env_CHAFA_CFLAGS_set=
ac_cv_env_CHAFA_CFLAGS_value=
ac_cv_env_CHAFA_LIBS_set=
ac_cv_env_CHAFA_LIBS_value=
ac_cv_env_CPPFLAGS_set=set
ac_cv_env_CPPFLAGS_value=-DHB_EXPERIMENTAL_API=1
ac_cv_env_CPP_set=
ac_cv_env_CPP_value=
ac_cv_env_CXXCPP_set=
ac_cv_env_CXXCPP_value=
ac_cv_env_CXXFLAGS_set=
ac_cv_env_CXXFLAGS_value=
ac_cv_env_CXX_set=
ac_cv_env_CXX_value=
ac_cv_env_FREETYPE_CFLAGS_set=
ac_cv_env_FREETYPE_CFLAGS_value=
ac_cv_env_FREETYPE_LIBS_set=
ac_cv_env_FREETYPE_LIBS_value=
ac_cv_env_GLIB_CFLAGS_set=
ac_cv_env_GLIB_CFLAGS_value=
ac_cv_env_GLIB_LIBS_set=
ac_cv_env_GLIB_LIBS_value=
ac_cv_env_GOBJECT_CFLAGS_set=
ac_cv_env_GOBJECT_CFLAGS_value=
ac_cv_env_GOBJECT_LIBS_set=
ac_cv_env_GOBJECT_LIBS_value=
ac_cv_env_GRAPHITE2_CFLAGS_set=
ac_cv_env_GRAPHITE2_CFLAGS_value=
ac_cv_env_GRAPHITE2_LIBS_set=
ac_cv_env_GRAPHITE2_LIBS_value=
ac_cv_env_ICU_CFLAGS_set=
ac_cv_env_ICU_CFLAGS_value=
ac_cv_env_ICU_LIBS_set=
ac_cv_env_ICU_LIBS_value=
ac_cv_env_LDFLAGS_set=set
ac_cv_env_LDFLAGS_value='-use-dynld -athread=native'
ac_cv_env_LIBS_set=set
ac_cv_env_LIBS_value=-lcairo
ac_cv_env_LT_SYS_LIBRARY_PATH_set=
ac_cv_env_LT_SYS_LIBRARY_PATH_value=
ac_cv_env_PKG_CONFIG_LIBDIR_set=
ac_cv_env_PKG_CONFIG_LIBDIR_value=
ac_cv_env_PKG_CONFIG_PATH_set=set
ac_cv_env_PKG_CONFIG_PATH_value=/usr/ppc-amigaos/SDK/local/newlib/lib/pkgconfig
ac_cv_env_PKG_CONFIG_set=
ac_cv_env_PKG_CONFIG_value=
ac_cv_env_build_alias_set=
ac_cv_env_build_alias_value=
ac_cv_env_host_alias_set=set
ac_cv_env_host_alias_value=ppc-amigaos
ac_cv_env_target_alias_set=
ac_cv_env_target_alias_value=
ac_cv_func_FT_Done_MM_Var=yes
ac_cv_func_FT_Get_Transform=yes
ac_cv_func_FT_Get_Var_Blend_Coordinates=yes
ac_cv_func_FT_Set_Var_Blend_Coordinates=yes
ac_cv_func_atexit=yes
ac_cv_func_cairo_user_font_face_set_render_color_glyph_func=yes
ac_cv_func_getpagesize=no
ac_cv_func_isatty=yes
ac_cv_func_mmap=no
ac_cv_func_mprotect=no
ac_cv_func_newlocale=no
ac_cv_func_sincosf=yes
ac_cv_func_sysconf=yes
ac_cv_func_uselocale=no
ac_cv_header_dlfcn_h=no
ac_cv_header_inttypes_h=yes
ac_cv_header_stdbool_h=yes
ac_cv_header_stdint_h=yes
ac_cv_header_stdio_h=yes
ac_cv_header_stdlib_h=yes
ac_cv_header_string_h=yes
ac_cv_header_strings_h=yes
ac_cv_header_sys_mman_h=no
ac_cv_header_sys_stat_h=yes
ac_cv_header_sys_types_h=yes
ac_cv_header_unistd_h=yes
ac_cv_header_xlocale_h=no
ac_cv_host=powerpc-unknown-amigaos
ac_cv_objext=o
ac_cv_path_EGREP='/usr/bin/grep -E'
ac_cv_path_FGREP='/usr/bin/grep -F'
ac_cv_path_GREP=/usr/bin/grep
ac_cv_path_SED=/usr/bin/sed
ac_cv_path_ac_pt_PKG_CONFIG=/usr/bin/pkg-config
ac_cv_path_install='/usr/bin/install -c'
ac_cv_path_lt_DD=/usr/bin/dd
ac_cv_path_mkdir=/usr/bin/mkdir
ac_cv_prog_AR=ppc-amigaos-ar
ac_cv_prog_AWK=mawk
ac_cv_prog_CC=ppc-amigaos-gcc
ac_cv_prog_CPP='ppc-amigaos-gcc -E'
ac_cv_prog_CXX=ppc-amigaos-g++
ac_cv_prog_CXXCPP='ppc-amigaos-g++ -E'
ac_cv_prog_OBJDUMP=ppc-amigaos-objdump
ac_cv_prog_RANLIB=ppc-amigaos-ranlib
ac_cv_prog_STRIP=ppc-amigaos-strip
ac_cv_prog_ac_ct_FILECMD=file
ac_cv_prog_ac_ct_MANIFEST_TOOL=mt
ac_cv_prog_cc_c11=
ac_cv_prog_cc_g=yes
ac_cv_prog_cc_stdc=
ac_cv_prog_cxx_cxx11=
ac_cv_prog_cxx_g=yes
ac_cv_prog_cxx_stdcxx=
ac_cv_prog_make_make_set=yes
ac_cv_sys_file_offset_bits=unknown
ac_cv_sys_large_files=unknown
ac_cv_sys_largefile_CC=no
am_cv_CC_dependencies_compiler_type=gcc3
am_cv_CXX_dependencies_compiler_type=gcc3
am_cv_ar_interface=ar
am_cv_make_support_nested_variables=yes
am_cv_prog_cc_c_o=yes
am_cv_prog_tar_ustar=gnutar
ax_cv_PTHREAD_CLANG=no
ax_cv_PTHREAD_JOINABLE_ATTR=PTHREAD_CREATE_JOINABLE
ax_cv_PTHREAD_PRIO_INHERIT=no
ax_cv_PTHREAD_SPECIAL_FLAGS=no
ax_cv_check_ldflags___Bsymbolic_functions=yes
ax_cv_cxx_compile_cxx11=yes
lt_cv_ar_at_file=@
lt_cv_deplibs_check_method=unknown
lt_cv_file_magic_cmd='$MAGIC_CMD'
lt_cv_file_magic_test_file=
lt_cv_ld_reload_flag=-r
lt_cv_nm_interface='BSD nm'
lt_cv_objdir=.libs
lt_cv_path_LD=/usr/ppc-amigaos/bin/ld
lt_cv_path_LDCXX=/usr/ppc-amigaos/bin/ld
lt_cv_path_NM='/usr/bin/ppc-amigaos-nm -B'
lt_cv_path_mainfest_tool=no
lt_cv_prog_compiler_c_o=yes
lt_cv_prog_compiler_c_o_CXX=yes
lt_cv_prog_compiler_pic='-fPIC -DPIC'
lt_cv_prog_compiler_pic_CXX='-fPIC -DPIC'
lt_cv_prog_compiler_pic_works=yes
lt_cv_prog_compiler_pic_works_CXX=yes
lt_cv_prog_compiler_rtti_exceptions=no
lt_cv_prog_compiler_static_works=yes
lt_cv_prog_compiler_static_works_CXX=yes
lt_cv_prog_gnu_ld=yes
lt_cv_prog_gnu_ldcxx=yes
lt_cv_sharedlib_from_linklib_cmd='printf %s\n'
lt_cv_sys_global_symbol_pipe='/usr/bin/sed -n -e '\''s/^.*[	 ]\([ABCDGIRSTW][ABCDGIRSTW]*\)[	 ][	 ]*\([_A-Za-z][_A-Za-z0-9]*\)$/\1 \2 \2/p'\'' | /usr/bin/sed '\''/ __gnu_lto/d'\'''
lt_cv_sys_global_symbol_to_c_name_address='/usr/bin/sed -n -e '\''s/^: \(.*\) .*$/  {"\1", (void *) 0},/p'\'' -e '\''s/^[ABCDGIRSTW][ABCDGIRSTW]* .* \(.*\)$/  {"\1", (void *) \&\1},/p'\'''
lt_cv_sys_global_symbol_to_c_name_address_lib_prefix='/usr/bin/sed -n -e '\''s/^: \(.*\) .*$/  {"\1", (void *) 0},/p'\'' -e '\''s/^[ABCDGIRSTW][ABCDGIRSTW]* .* \(lib.*\)$/  {"\1", (void *) \&\1},/p'\'' -e '\''s/^[ABCDGIRSTW][ABCDGIRSTW]* .* \(.*\)$/  {"lib\1", (void *) \&\1},/p'\'''
lt_cv_sys_global_symbol_to_cdecl='/usr/bin/sed -n -e '\''s/^T .* \(.*\)$/extern int \1();/p'\'' -e '\''s/^[ABCDGIRSTW][ABCDGIRSTW]* .* \(.*\)$/extern char \1;/p'\'''
lt_cv_sys_global_symbol_to_import=
lt_cv_sys_max_cmd_len=1572864
lt_cv_to_host_file_cmd=func_convert_file_noop
lt_cv_to_tool_file_cmd=func_convert_file_noop
lt_cv_truncate_bin='/usr/bin/dd bs=4096 count=1'
pkg_cv_CAIRO_CFLAGS='-I/usr/ppc-amigaos/SDK/local/newlib/include/cairo -I/SDK/local/common/include -I/usr/ppc-amigaos/SDK/local/newlib/include/libpng16 -I/usr/ppc-amigaos/SDK/local/newlib/include/freetype2 -I/usr/ppc-amigaos/SDK/local/newlib/include/pixman-1 '
pkg_cv_CAIRO_FT_CFLAGS='-I/usr/ppc-amigaos/SDK/local/newlib/include -I/usr/ppc-amigaos/SDK/local/newlib/include/cairo -I/SDK/local/common/include -I/usr/ppc-amigaos/SDK/local/newlib/include/libpng16 -I/usr/ppc-amigaos/SDK/local/newlib/include/freetype2 -I/usr/ppc-amigaos/SDK/local/newlib/include/pixman-1 '
pkg_cv_CAIRO_FT_LIBS='-L/usr/ppc-amigaos/SDK/local/newlib/lib -lcairo -lfreetype -lbz2 -lpng '
pkg_cv_CAIRO_LIBS='-L/usr/ppc-amigaos/SDK/local/newlib/lib -lcairo '
pkg_cv_FREETYPE_CFLAGS='-I/usr/ppc-amigaos/SDK/local/newlib/include/freetype2 -I/SDK/local/common/include '
pkg_cv_FREETYPE_LIBS='-lfreetype -lbz2 -lpng '

## ----------------- ##
## Output variables. ##
## ----------------- ##














	@echo "Need to reconfigure with --enable-code-coverage"
	@echo "Need to reconfigure with --enable-code-coverage"
 $(CODE_COVERAGE_IGNORE_PATTERN);
 $(CODE_COVERAGE_OUTPUT_FILE);
#
#
#    $(PACKAGE_NAME)-$(PACKAGE_VERSION)-coverage)
#    $(PACKAGE_NAME)-$(PACKAGE_VERSION)-coverage.info)
#    (Default: $(top_builddir))
#    (Default: empty)
#    Multiple directories may be specified, separated by whitespace.
#    by lcov for code coverage. (Default:
#    collecting lcov instance. (Default: $CODE_COVERAGE_LCOV_OPTIONS_GCOVPATH)
#    genhtml instance. (Default: based on $CODE_COVERAGE_BRANCH_COVERAGE)
#    instance. (Default: $CODE_COVERAGE_GENHTML_OPTIONS_DEFAULT)
#    instance. (Default: $CODE_COVERAGE_LCOV_OPTIONS_DEFAULT)
#    instance. (Default: $CODE_COVERAGE_LCOV_RMOPTS_DEFAULT)
#    instances. (Default: $CODE_COVERAGE_LCOV_SHOPTS_DEFAULT)
#    instances. (Default: based on $CODE_COVERAGE_BRANCH_COVERAGE)
#    lcov instance. (Default: empty)
#    reports to be created. (Default:
#    set to 0 to disable it and leave empty to stay with the default.
#  - CODE_COVERAGE_BRANCH_COVERAGE: Set to 1 to enforce branch coverage,
#  - CODE_COVERAGE_DIRECTORY: Top-level directory for code coverage reporting.
#  - CODE_COVERAGE_GENHTML_OPTIONS: Extra options to pass to the genhtml
#  - CODE_COVERAGE_GENHTML_OPTIONS_DEFAULT: Extra options to pass to the
#  - CODE_COVERAGE_IGNORE_PATTERN: Extra glob pattern of files to ignore
#  - CODE_COVERAGE_LCOV_OPTIONS: Extra options to pass to the collecting lcov
#  - CODE_COVERAGE_LCOV_OPTIONS_DEFAULT: Extra options to pass to the
#  - CODE_COVERAGE_LCOV_OPTIONS_GCOVPATH: --gcov-tool pathtogcov
#  - CODE_COVERAGE_LCOV_RMOPTS: Extra options to pass to the filtering lcov
#  - CODE_COVERAGE_LCOV_RMOPTS_DEFAULT: Extra options to pass to the filtering
#  - CODE_COVERAGE_LCOV_SHOPTS: Extra options to shared between both lcov
#  - CODE_COVERAGE_LCOV_SHOPTS_DEFAULT: Extra options shared between both lcov
#  - CODE_COVERAGE_OUTPUT_DIRECTORY: Directory for generated code coverage
#  - CODE_COVERAGE_OUTPUT_FILE: Filename and path for the .info file generated
# $(PACKAGE_VERSION). In order to add the current git hash to the title,
# Capture code coverage data
# Code coverage
# Hook rule executed before code-coverage-capture, overridable by the user
# Optional variables
# Optional:
# The generated report will be titled using the $(PACKAGE_NAME) and
# Use recursive makes in order to ignore errors during check
# sanitizes the test-name: replaces with underscores: dashes and dots
# use the git-version-gen script, available online.
$(if $(CODE_COVERAGE_BRANCH_COVERAGE),\
'
--rc genhtml_branch_coverage=$(CODE_COVERAGE_BRANCH_COVERAGE))
--rc lcov_branch_coverage=$(CODE_COVERAGE_BRANCH_COVERAGE))
.PHONY: check-code-coverage code-coverage-capture code-coverage-capture-hook code-coverage-clean
ACLOCAL='${SHELL} '\''/media/apalmate/DATA/Sviluppo/Amiga/libs/harfbuzz-shared/missing'\'' aclocal-1.16'
AMDEPBACKSLASH='\'
AMDEP_FALSE='#'
AMDEP_TRUE=''
AMTAR='$${TAR-tar}'
AM_BACKSLASH='\'
AM_DEFAULT_V='$(AM_DEFAULT_VERBOSITY)'
AM_DEFAULT_VERBOSITY='0'
AM_DISTCHECK_CONFIGURE_FLAGS += --disable-code-coverage
AM_DISTCHECK_CONFIGURE_FLAGS ?=
AM_V='$(V)'
AR='ppc-amigaos-ar'
AUTOCONF='${SHELL} '\''/media/apalmate/DATA/Sviluppo/Amiga/libs/harfbuzz-shared/missing'\'' autoconf'
AUTOHEADER='${SHELL} '\''/media/apalmate/DATA/Sviluppo/Amiga/libs/harfbuzz-shared/missing'\'' autoheader'
AUTOMAKE='${SHELL} '\''/media/apalmate/DATA/Sviluppo/Amiga/libs/harfbuzz-shared/missing'\'' automake-1.16'
AWK='mawk'
CAIRO_CFLAGS='-I/usr/ppc-amigaos/SDK/local/newlib/include/cairo -I/SDK/local/common/include -I/usr/ppc-amigaos/SDK/local/newlib/include/libpng16 -I/usr/ppc-amigaos/SDK/local/newlib/include/freetype2 -I/usr/ppc-amigaos/SDK/local/newlib/include/pixman-1 '
CAIRO_FT_CFLAGS='-I/usr/ppc-amigaos/SDK/local/newlib/include -I/usr/ppc-amigaos/SDK/local/newlib/include/cairo -I/SDK/local/common/include -I/usr/ppc-amigaos/SDK/local/newlib/include/libpng16 -I/usr/ppc-amigaos/SDK/local/newlib/include/freetype2 -I/usr/ppc-amigaos/SDK/local/newlib/include/pixman-1 '
CAIRO_FT_LIBS='-L/usr/ppc-amigaos/SDK/local/newlib/lib -lcairo -lfreetype -lbz2 -lpng '
CAIRO_LIBS='-L/usr/ppc-amigaos/SDK/local/newlib/lib -lcairo '
CC='ppc-amigaos-gcc'
CCDEPMODE='depmode=gcc3'
CFLAGS='-g -O2'
CHAFA_CFLAGS=''
CHAFA_LIBS=''
CODE_COVERAGE_BRANCH_COVERAGE ?=
CODE_COVERAGE_CFLAGS=''
CODE_COVERAGE_CPPFLAGS=''
CODE_COVERAGE_CXXFLAGS=''
CODE_COVERAGE_DIRECTORY ?= $(top_builddir)
CODE_COVERAGE_ENABLED='no'
CODE_COVERAGE_ENABLED_FALSE=''
CODE_COVERAGE_ENABLED_TRUE='#'
CODE_COVERAGE_GENHTML_OPTIONS ?= $(CODE_COVERAGE_GENHTML_OPTIONS_DEFAULT)
CODE_COVERAGE_GENHTML_OPTIONS_DEFAULT ?=\
CODE_COVERAGE_IGNORE_PATTERN ?=
CODE_COVERAGE_LCOV_OPTIONS ?= $(CODE_COVERAGE_LCOV_OPTIONS_DEFAULT)
CODE_COVERAGE_LCOV_OPTIONS_DEFAULT ?= $(CODE_COVERAGE_LCOV_OPTIONS_GCOVPATH)
CODE_COVERAGE_LCOV_OPTIONS_GCOVPATH ?= --gcov-tool "$(GCOV)"
CODE_COVERAGE_LCOV_RMOPTS ?= $(CODE_COVERAGE_LCOV_RMOPTS_DEFAULT)
CODE_COVERAGE_LCOV_RMOPTS_DEFAULT ?=
CODE_COVERAGE_LCOV_SHOPTS ?= $(CODE_COVERAGE_LCOV_SHOPTS_DEFAULT)
CODE_COVERAGE_LCOV_SHOPTS_DEFAULT ?= $(if $(CODE_COVERAGE_BRANCH_COVERAGE),\
CODE_COVERAGE_LDFLAGS=''
CODE_COVERAGE_LIBS=''
CODE_COVERAGE_OUTPUT_DIRECTORY ?= $(PACKAGE_NAME)-$(PACKAGE_VERSION)-coverage
CODE_COVERAGE_OUTPUT_FILE ?= $(PACKAGE_NAME)-$(PACKAGE_VERSION)-coverage.info
CODE_COVERAGE_RULES='
CORETEXT_CFLAGS=''
CORETEXT_LIBS=''
CPP='ppc-amigaos-gcc -E'
CPPFLAGS='-DHB_EXPERIMENTAL_API=1'
CSCOPE='cscope'
CTAGS='ctags'
CXX='ppc-amigaos-g++'
CXXCPP='ppc-amigaos-g++ -E'
CXXDEPMODE='depmode=gcc3'
CXXFLAGS='-fno-rtti -g -O2 -fno-exceptions -fno-threadsafe-statics -fvisibility-inlines-hidden'
CYGPATH_W='echo'
DEFS='-DHAVE_CONFIG_H'
DEPDIR='.deps'
DLLTOOL='false'
DSYMUTIL=''
DUMPBIN=''
ECHO_C=''
ECHO_N='-n'
ECHO_T=''
EGREP='/usr/bin/grep -E'
ENABLE_GTK_DOC_FALSE=''
ENABLE_GTK_DOC_TRUE='#'
ETAGS='etags'
EXEEXT=''
FGREP='/usr/bin/grep -F'
FILECMD='file'
FREETYPE_CFLAGS='-I/usr/ppc-amigaos/SDK/local/newlib/include/freetype2 -I/SDK/local/common/include '
FREETYPE_DEPS='freetype2 >= 12.0.6'
FREETYPE_LIBS='-lfreetype -lbz2 -lpng '
GCOV=''
GDI_CFLAGS=''
GDI_LIBS=''
GENHTML=''
GIT='${SHELL} '\''/media/apalmate/DATA/Sviluppo/Amiga/libs/harfbuzz-shared/missing'\'' git'
GITIGNOREFILES += $(CODE_COVERAGE_OUTPUT_FILE) $(CODE_COVERAGE_OUTPUT_DIRECTORY)
GITIGNOREFILES ?=
GLIB_CFLAGS=''
GLIB_DEPS='glib-2.0 >= 2.30'
GLIB_LIBS=''
GLIB_MKENUMS=''
GOBJECT_CFLAGS=''
GOBJECT_LIBS=''
GRAPHITE2_CFLAGS=''
GRAPHITE2_DEPS='graphite2 >= 1.2.0'
GRAPHITE2_LIBS=''
GREP='/usr/bin/grep'
HAVE_CAIRO_FALSE='#'
HAVE_CAIRO_FT_FALSE='#'
HAVE_CAIRO_FT_TRUE=''
HAVE_CAIRO_TRUE=''
HAVE_CHAFA_FALSE=''
HAVE_CHAFA_TRUE='#'
HAVE_CORETEXT_FALSE=''
HAVE_CORETEXT_TRUE='#'
HAVE_CXX11='1'
HAVE_DIRECTWRITE_FALSE=''
HAVE_DIRECTWRITE_TRUE='#'
HAVE_FREETYPE_FALSE='#'
HAVE_FREETYPE_TRUE=''
HAVE_GCC_FALSE='#'
HAVE_GCC_TRUE=''
HAVE_GDI_FALSE=''
HAVE_GDI_TRUE='#'
HAVE_GLIB_FALSE=''
HAVE_GLIB_TRUE='#'
HAVE_GOBJECT_FALSE=''
HAVE_GOBJECT_TRUE='#'
HAVE_GRAPHITE2_FALSE=''
HAVE_GRAPHITE2_TRUE='#'
HAVE_ICU_BUILTIN_FALSE=''
HAVE_ICU_BUILTIN_TRUE='#'
HAVE_ICU_FALSE=''
HAVE_ICU_TRUE='#'
HAVE_INTROSPECTION_FALSE=''
HAVE_INTROSPECTION_TRUE='#'
HAVE_PTHREAD_FALSE='#'
HAVE_PTHREAD_TRUE=''
HAVE_UNISCRIBE_FALSE=''
HAVE_UNISCRIBE_TRUE='#'
HAVE_WASM_FALSE=''
HAVE_WASM_TRUE='#'
HB_LIBTOOL_VERSION_INFO='60850:0:60850'
HB_VERSION='8.5.0'
HB_VERSION_MAJOR='8'
HB_VERSION_MICRO='0'
HB_VERSION_MINOR='5'
ICU_CFLAGS=''
ICU_LIBS=''
INSTALL_DATA='${INSTALL} -m 644'
INSTALL_PROGRAM='${INSTALL}'
INSTALL_SCRIPT='${INSTALL}'
INSTALL_STRIP_PROGRAM='$(install_sh) -c -s'
LCOV=''
LD='/usr/ppc-amigaos/bin/ld'
LDFLAGS='-use-dynld -athread=native -Bsymbolic-functions'
LIBOBJS=''
LIBS='-lcairo'
LIBTOOL='$(SHELL) $(top_builddir)/libtool'
LIPO=''
LN_S='ln -s'
LTLIBOBJS=''
LT_SYS_LIBRARY_PATH=''
MAKEINFO='${SHELL} '\''/media/apalmate/DATA/Sviluppo/Amiga/libs/harfbuzz-shared/missing'\'' makeinfo'
MANIFEST_TOOL=':'
MKDIR_P='/usr/bin/mkdir -p'
NM='/usr/bin/ppc-amigaos-nm -B'
NMEDIT=''
OBJDUMP='ppc-amigaos-objdump'
OBJEXT='o'
OS_WIN32_FALSE=''
OS_WIN32_TRUE='#'
OTOOL64=''
OTOOL=''
PACKAGE='harfbuzz'
PACKAGE_BUGREPORT='https://github.com/harfbuzz/harfbuzz/issues/new'
PACKAGE_NAME='HarfBuzz'
PACKAGE_STRING='HarfBuzz 8.5.0'
PACKAGE_TARNAME='harfbuzz'
PACKAGE_URL='http://harfbuzz.org/'
PACKAGE_VERSION='8.5.0'
PATH_SEPARATOR=':'
PKG_CONFIG='/usr/bin/pkg-config'
PKG_CONFIG_LIBDIR=''
PKG_CONFIG_PATH='/usr/ppc-amigaos/SDK/local/newlib/lib/pkgconfig'
PTHREAD_CC='ppc-amigaos-gcc'
PTHREAD_CFLAGS=''
PTHREAD_LIBS=''
RAGEL='${SHELL} '\''/media/apalmate/DATA/Sviluppo/Amiga/libs/harfbuzz-shared/missing'\'' ragel'
RANLIB='ppc-amigaos-ranlib'
SED='/usr/bin/sed'
SET_MAKE=''
SHELL='/bin/bash'
STRIP='ppc-amigaos-strip'
UNISCRIBE_CFLAGS=''
UNISCRIBE_LIBS=''
VERSION='8.5.0'
WASM_CFLAGS=''
WASM_LIBS=''
WITH_LIBSTDCXX_FALSE=''
WITH_LIBSTDCXX_TRUE='#'
ac_ct_AR=''
ac_ct_CC=''
ac_ct_CXX=''
ac_ct_DUMPBIN=''
am__EXEEXT_FALSE=''
am__EXEEXT_TRUE='#'
am__fastdepCC_FALSE='#'
am__fastdepCC_TRUE=''
am__fastdepCXX_FALSE='#'
am__fastdepCXX_TRUE=''
am__include='include'
am__isrc=''
am__leading_dot='.'
am__nodep='_no'
am__quote=''
am__tar='tar --format=ustar -chf - "$$tardir"'
am__untar='tar -xf -'
ax_pthread_config=''
bindir='${exec_prefix}/bin'
build='x86_64-pc-linux-gnu'
build_alias=''
build_cpu='x86_64'
build_os='linux-gnu'
build_vendor='pc'
check-code-coverage:
code-coverage-capture-hook:
code-coverage-capture: code-coverage-capture-hook
code_coverage_quiet = $(code_coverage_quiet_$(V))
code_coverage_quiet_ = $(code_coverage_quiet_$(AM_DEFAULT_VERBOSITY))
code_coverage_quiet_0 = --quiet
code_coverage_sanitize = $(subst -,_,$(subst .,_,$(1)))
code_coverage_v_genhtml = $(code_coverage_v_genhtml_$(V))
code_coverage_v_genhtml_ = $(code_coverage_v_genhtml_$(AM_DEFAULT_VERBOSITY))
code_coverage_v_genhtml_0 = @echo "  GEN   " $(CODE_COVERAGE_OUTPUT_DIRECTORY);
code_coverage_v_lcov_cap = $(code_coverage_v_lcov_cap_$(V))
code_coverage_v_lcov_cap_ = $(code_coverage_v_lcov_cap_$(AM_DEFAULT_VERBOSITY))
code_coverage_v_lcov_cap_0 = @echo "  LCOV   --capture"\
code_coverage_v_lcov_ign = $(code_coverage_v_lcov_ign_$(V))
code_coverage_v_lcov_ign_ = $(code_coverage_v_lcov_ign_$(AM_DEFAULT_VERBOSITY))
code_coverage_v_lcov_ign_0 = @echo "  LCOV   --remove /tmp/*"\
datadir='${datarootdir}'
datarootdir='${prefix}/share'
docdir='${datarootdir}/doc/${PACKAGE_TARNAME}'
dvidir='${docdir}'
exec_prefix='${prefix}'
have_gobject='false'
host='powerpc-unknown-amigaos'
host_alias='ppc-amigaos'
host_cpu='powerpc'
host_os='amigaos'
host_vendor='unknown'
htmldir='${docdir}'
includedir='${prefix}/include'
infodir='${datarootdir}/info'
install_sh='${SHELL} /media/apalmate/DATA/Sviluppo/Amiga/libs/harfbuzz-shared/install-sh'
libdir='${exec_prefix}/lib'
libexecdir='${exec_prefix}/libexec'
localedir='${datarootdir}/locale'
localstatedir='${prefix}/var'
mandir='${datarootdir}/man'
mkdir_p='$(MKDIR_P)'
oldincludedir='/usr/include'
pdfdir='${docdir}'
prefix='/media/apalmate/DATA/Sviluppo/Amiga/libs/harfbuzz-shared/SDK/common'
program_transform_name='s,x,x,'
psdir='${docdir}'
runstatedir='${localstatedir}/run'
sbindir='${exec_prefix}/sbin'
sharedstatedir='${prefix}/com'
sysconfdir='${prefix}/etc'
target_alias=''

## ----------- ##
## confdefs.h. ##
## ----------- ##

/* confdefs.h */
#define PACKAGE_NAME "HarfBuzz"
#define PACKAGE_TARNAME "harfbuzz"
#define PACKAGE_VERSION "8.5.0"
#define PACKAGE_STRING "HarfBuzz 8.5.0"
#define PACKAGE_BUGREPORT "https://github.com/harfbuzz/harfbuzz/issues/new"
#define PACKAGE_URL "http://harfbuzz.org/"
#define HAVE_STDIO_H 1
#define HAVE_STDLIB_H 1
#define HAVE_STRING_H 1
#define HAVE_INTTYPES_H 1
#define HAVE_STDINT_H 1
#define HAVE_STRINGS_H 1
#define HAVE_SYS_STAT_H 1
#define HAVE_SYS_TYPES_H 1
#define HAVE_UNISTD_H 1
#define STDC_HEADERS 1
#define LT_OBJDIR ".libs/"
#define HAVE_CXX11 1
#define HAVE_ATEXIT 1
#define HAVE_SYSCONF 1
#define HAVE_ISATTY 1
#define HAVE_SINCOSF 1
#define HAVE_UNISTD_H 1
#define HAVE_STDBOOL_H 1
#define ALIGNOF_STRUCT_CHAR__ 1
#define HAVE_PTHREAD 1
#define HAVE_CAIRO_USER_FONT_FACE_SET_RENDER_COLOR_GLYPH_FUNC 1
#define HAVE_CAIRO 1
#define HAVE_CAIRO_FT 1
#define HAVE_FREETYPE 1
#define HAVE_FT_GET_VAR_BLEND_COORDINATES 1
#define HAVE_FT_SET_VAR_BLEND_COORDINATES 1
#define HAVE_FT_DONE_MM_VAR 1
#define HAVE_FT_GET_TRANSFORM 1

configure: exit 0

## ---------------------- ##
## Running config.status. ##
## ---------------------- ##

This file was extended by HarfBuzz config.status 8.5.0, which was
generated by GNU Autoconf 2.71.  Invocation command line was

  CONFIG_FILES    = 
  CONFIG_HEADERS  = 
  CONFIG_LINKS    = 
  CONFIG_COMMANDS = 
  $ ./config.status 

on apalmate-XPS-8960

config.status:1372: creating Makefile
config.status:1372: creating src/Makefile
config.status:1372: creating src/harfbuzz-config.cmake
config.status:1372: creating util/Makefile
config.status:1372: creating test/Makefile
config.status:1372: creating test/api/Makefile
config.status:1372: creating test/fuzzing/Makefile
config.status:1372: creating test/shape/Makefile
config.status:1372: creating test/shape/data/Makefile
config.status:1372: creating test/shape/data/aots/Makefile
config.status:1372: creating test/shape/data/in-house/Makefile
config.status:1372: creating test/shape/data/text-rendering-tests/Makefile
config.status:1372: creating test/subset/Makefile
config.status:1372: creating test/subset/data/Makefile
config.status:1372: creating test/subset/data/repack_tests/Makefile
config.status:1372: creating test/threads/Makefile
config.status:1372: creating perf/Makefile
config.status:1372: creating docs/Makefile
config.status:1372: creating docs/version.xml
config.status:1372: creating config.h
config.status:1553: config.h is unchanged
config.status:1601: executing depfiles commands
config.status:1678: cd src       && sed -e '/# am--include-marker/d' Makefile         | make -f - am--depfiles
make[2]: Entering directory '/media/apalmate/DATA/Sviluppo/Amiga/libs/harfbuzz-shared/src'
make[2]: Nothing to be done for 'am--depfiles'.
make[2]: Leaving directory '/media/apalmate/DATA/Sviluppo/Amiga/libs/harfbuzz-shared/src'
config.status:1683: $? = 0
config.status:1678: cd util       && sed -e '/# am--include-marker/d' Makefile         | make -f - am--depfiles
make[2]: Entering directory '/media/apalmate/DATA/Sviluppo/Amiga/libs/harfbuzz-shared/util'
make[2]: Nothing to be done for 'am--depfiles'.
make[2]: Leaving directory '/media/apalmate/DATA/Sviluppo/Amiga/libs/harfbuzz-shared/util'
config.status:1683: $? = 0
config.status:1678: cd test/api       && sed -e '/# am--include-marker/d' Makefile         | make -f - am--depfiles
make[2]: Entering directory '/media/apalmate/DATA/Sviluppo/Amiga/libs/harfbuzz-shared/test/api'
make[2]: Nothing to be done for 'am--depfiles'.
make[2]: Leaving directory '/media/apalmate/DATA/Sviluppo/Amiga/libs/harfbuzz-shared/test/api'
config.status:1683: $? = 0
config.status:1678: cd test/fuzzing       && sed -e '/# am--include-marker/d' Makefile         | make -f - am--depfiles
make[2]: Entering directory '/media/apalmate/DATA/Sviluppo/Amiga/libs/harfbuzz-shared/test/fuzzing'
make[2]: Nothing to be done for 'am--depfiles'.
make[2]: Leaving directory '/media/apalmate/DATA/Sviluppo/Amiga/libs/harfbuzz-shared/test/fuzzing'
config.status:1683: $? = 0
config.status:1601: executing libtool commands
